[Licensing::Module] Trying to connect to existing licensing client channel...
Built from '6000.2/respin/6000.2.6f2-cc51a95c03' branch; Version is '6000.2.6f2 (4a4dcaec6541) revision 4869578'; Using compiler version '194234433'; Build Type 'Release'
[Licensing::IpcConnector] Successfully connected to: "LicenseClient-Owner" at "2025-10-16T22:59:55.0056063Z"
OS: 'Windows 11  (10.0.26200) 64bit Core' Language: 'en' Physical Memory: 15611 MB
BatchMode: 1, IsHumanControllingUs: 0, StartBugReporterOnCrash: 0, Is64bit: 1
Date: 2025-10-16T22:59:55Z

COMMAND LINE ARGUMENTS:
C:\Program Files\Unity\Hub\Editor\6000.2.6f2\Editor\Unity.exe
-adb2
-batchMode
-noUpm
-name
AssetImportWorker2
-projectPath
C:/Users/Owner/Documents/GitHub/MercenaryWars-Unity
-logFile
Logs/AssetImportWorker2.log
-srvPort
65303
-licensingIpc
LicenseClient-Owner
-job-worker-count
7
-background-job-worker-count
8
-gc-helper-count
1
-name
AssetImport
Successfully changed project path to: C:/Users/Owner/Documents/GitHub/MercenaryWars-Unity
C:/Users/Owner/Documents/GitHub/MercenaryWars-Unity
[UnityMemory] Configuration Parameters - Can be set up in boot.config
    "memorysetup-allocator-temp-initial-block-size-main=262144"
    "memorysetup-allocator-temp-initial-block-size-worker=262144"
    "memorysetup-bucket-allocator-granularity=16"
    "memorysetup-bucket-allocator-bucket-count=8"
    "memorysetup-bucket-allocator-block-size=33554432"
    "memorysetup-bucket-allocator-block-count=8"
    "memorysetup-main-allocator-block-size=16777216"
    "memorysetup-thread-allocator-block-size=16777216"
    "memorysetup-gfx-main-allocator-block-size=16777216"
    "memorysetup-gfx-thread-allocator-block-size=16777216"
    "memorysetup-cache-allocator-block-size=4194304"
    "memorysetup-typetree-allocator-block-size=2097152"
    "memorysetup-profiler-bucket-allocator-granularity=16"
    "memorysetup-profiler-bucket-allocator-bucket-count=8"
    "memorysetup-profiler-bucket-allocator-block-size=33554432"
    "memorysetup-profiler-bucket-allocator-block-count=8"
    "memorysetup-profiler-allocator-block-size=16777216"
    "memorysetup-profiler-editor-allocator-block-size=1048576"
    "memorysetup-temp-allocator-size-main=16777216"
    "memorysetup-job-temp-allocator-block-size=2097152"
    "memorysetup-job-temp-allocator-block-size-background=1048576"
    "memorysetup-job-temp-allocator-reduction-small-platforms=262144"
    "memorysetup-temp-allocator-size-background-worker=32768"
    "memorysetup-temp-allocator-size-job-worker=262144"
    "memorysetup-temp-allocator-size-preload-manager=33554432"
    "memorysetup-temp-allocator-size-nav-mesh-worker=65536"
    "memorysetup-temp-allocator-size-audio-worker=65536"
    "memorysetup-temp-allocator-size-cloud-worker=32768"
    "memorysetup-temp-allocator-size-gi-baking-worker=262144"
    "memorysetup-temp-allocator-size-gi-baking-worker=262144"
    "memorysetup-temp-allocator-size-gi-baking-worker=262144"
    "memorysetup-temp-allocator-size-gi-baking-worker=262144"
    "memorysetup-temp-allocator-size-gi-baking-worker=262144"
    "memorysetup-temp-allocator-size-gfx=262144"
Player connection [32396]  Target information:

Player connection [32396]  * "[IP] 192.168.2.42 [Port] 0 [Flags] 2 [Guid] 1393012930 [EditorId] 1393012930 [Version] 1048832 [Id] WindowsEditor(7,DESKTOP-FMEKK9G) [Debug] 1 [PackageName] WindowsEditor [ProjectName] Editor" 

Player connection [32396] Host joined multi-casting on [225.0.0.222:54997]...
Player connection [32396] Host joined alternative multi-casting on [225.0.0.222:34997]...
JobSystem: Creating JobQueue using job-worker-count value 7
Input System module state changed to: Initialized.
[Physics::Module] Initialized fallback backend.
[Physics::Module] Id: 0xdecafbad
[Licensing::Client] Code 10 while verifying Licensing Client signature (process Id: 5116, path: "C:/Program Files/Unity Hub/UnityLicensingClient_V1/Unity.Licensing.Client.exe")
[Licensing::Module] LicensingClient has failed validation; ignoring
[Licensing::Client] Handshaking with LicensingClient:
  Version:                 1.17.3+a4e98f1
  Session Id:              32b756866c19462c97b4a09f5b943e9e
  Correlation Id:          7693c38c7a1e6f4d792b2595ce1773ae
  External correlation Id: 7816667009953704980
  Machine Id:              53KuLvy89TpBDyxw1RCDefG84Vg=
[Licensing::Module] Successfully connected to LicensingClient on channel: "LicenseClient-Owner" (connect: 0.00s, validation: 0.01s, handshake: 0.08s)
[Licensing::IpcConnector] Successfully connected to: "LicenseClient-Owner-notifications" at "2025-10-16T22:59:55.0925567Z"
[Licensing::Module] Licensing Background thread has ended after 0.09s
Library Redirect Path: Library/
[Physics::Module] Selected backend.
[Physics::Module] Name: PhysX
[Physics::Module] Id: 0xf2b8ea05
[Physics::Module] SDK Version: 4.1.2
[Physics::Module] Integration Version: 1.0.0
[Physics::Module] Threading Mode: Multi-Threaded
Refreshing native plugins compatible for Editor in 10.04 ms, found 4 plugins.
Preloading 0 native plugins for Editor in 0.00 ms.
Initialize engine version: 6000.2.6f2 (4a4dcaec6541)
[Subsystems] Discovering subsystems at path C:/Program Files/Unity/Hub/Editor/6000.2.6f2/Editor/Data/Resources/UnitySubsystems
[Subsystems] Discovering subsystems at path C:/Users/Owner/Documents/GitHub/MercenaryWars-Unity/Assets
GfxDevice: creating device client; kGfxThreadingModeNonThreaded
d3d12: failed to query info queue interface (0x80004002).
Direct3D:
    Version:         Direct3D 12 [level 12.1]
    Renderer:        AMD Radeon RX 7700S (ID=0x7480)
    Vendor:          ATI
    VRAM:            8176 MB
    App VRAM Budget: 7360 MB
    Driver:          32.0.21013.1000
Initialize mono
Mono path[0] = 'C:/Program Files/Unity/Hub/Editor/6000.2.6f2/Editor/Data/Managed'
Mono path[1] = 'C:/Program Files/Unity/Hub/Editor/6000.2.6f2/Editor/Data/MonoBleedingEdge/lib/mono/unityjit-win32'
Mono config path = 'C:/Program Files/Unity/Hub/Editor/6000.2.6f2/Editor/Data/MonoBleedingEdge/etc'
Using monoOptions --debugger-agent=transport=dt_socket,embedding=1,server=y,suspend=n,address=127.0.0.1:56572
Begin MonoManager ReloadAssembly
Registering precompiled unity dll's ...
Register platform support module: C:/Program Files/Unity/Hub/Editor/6000.2.6f2/Editor/Data/PlaybackEngines/WebGLSupport/UnityEditor.WebGL.Extensions.dll
Register platform support module: C:/Program Files/Unity/Hub/Editor/6000.2.6f2/Editor/Data/PlaybackEngines/WindowsStandaloneSupport/UnityEditor.WindowsStandalone.Extensions.dll
Registered in 0.004877 seconds.
- Loaded All Assemblies, in  0.725 seconds
Native extension for WindowsStandalone target not found
Native extension for WebGL target not found
Mono: successfully reloaded assembly
- Finished resetting the current domain, in  0.559 seconds
Domain Reload Profiling: 1278ms
	BeginReloadAssembly (222ms)
		ExecutionOrderSort (0ms)
		DisableScriptedObjects (0ms)
		BackupInstance (0ms)
		ReleaseScriptingObjects (0ms)
		CreateAndSetChildDomain (1ms)
	RebuildCommonClasses (78ms)
	RebuildNativeTypeToScriptingClass (27ms)
	initialDomainReloadingComplete (82ms)
	LoadAllAssembliesAndSetupDomain (309ms)
		LoadAssemblies (215ms)
		RebuildTransferFunctionScriptingTraits (0ms)
		AnalyzeDomain (304ms)
			TypeCache.Refresh (301ms)
				TypeCache.ScanAssembly (282ms)
			BuildScriptInfoCaches (0ms)
			ResolveRequiredComponents (1ms)
	FinalizeReload (560ms)
		ReleaseScriptCaches (0ms)
		RebuildScriptCaches (0ms)
		SetupLoadedEditorAssemblies (506ms)
			LogAssemblyErrors (0ms)
			InitializePlatformSupportModulesInManaged (84ms)
			SetLoadedEditorAssemblies (6ms)
			BeforeProcessingInitializeOnLoad (119ms)
			ProcessInitializeOnLoadAttributes (211ms)
			ProcessInitializeOnLoadMethodAttributes (86ms)
			AfterProcessingInitializeOnLoad (0ms)
			EditorAssembliesLoaded (0ms)
		ExecutionOrderSort2 (0ms)
		AwakeInstancesAfterBackupRestoration (0ms)
========================================================================
Worker process is ready to serve import requests
Import Worker Mode flag is 0x00
Begin MonoManager ReloadAssembly
[Licensing::Client] Successfully resolved entitlement details
[Licensing::Module] License group:
  Id: 3574354055920-UnityPersXXXX
  Product: Unity Personal
  Type: Assigned
  Expiration: Unlimited
- Loaded All Assemblies, in  1.191 seconds
Refreshing native plugins compatible for Editor in 3.50 ms, found 4 plugins.
Native extension for WindowsStandalone target not found
Native extension for WebGL target not found
Package Manager log level set to [2]
[Package Manager] Failed to launch server process. Reason: Unity was launched with the -noUpm command-line argument
[Package Manager] Unable to send message (not connected to server process).
[Package Manager] Cannot connect to Unity Package Manager local server
Mono: successfully reloaded assembly
- Finished resetting the current domain, in  0.858 seconds
Domain Reload Profiling: 2059ms
	BeginReloadAssembly (310ms)
		ExecutionOrderSort (0ms)
		DisableScriptedObjects (10ms)
		BackupInstance (0ms)
		ReleaseScriptingObjects (0ms)
		CreateAndSetChildDomain (45ms)
	RebuildCommonClasses (55ms)
	RebuildNativeTypeToScriptingClass (18ms)
	initialDomainReloadingComplete (71ms)
	LoadAllAssembliesAndSetupDomain (746ms)
		LoadAssemblies (604ms)
		RebuildTransferFunctionScriptingTraits (0ms)
		AnalyzeDomain (285ms)
			TypeCache.Refresh (216ms)
				TypeCache.ScanAssembly (198ms)
			BuildScriptInfoCaches (58ms)
			ResolveRequiredComponents (8ms)
	FinalizeReload (858ms)
		ReleaseScriptCaches (0ms)
		RebuildScriptCaches (0ms)
		SetupLoadedEditorAssemblies (720ms)
			LogAssemblyErrors (0ms)
			InitializePlatformSupportModulesInManaged (4ms)
			SetLoadedEditorAssemblies (6ms)
			BeforeProcessingInitializeOnLoad (203ms)
			ProcessInitializeOnLoadAttributes (443ms)
			ProcessInitializeOnLoadMethodAttributes (53ms)
			AfterProcessingInitializeOnLoad (12ms)
			EditorAssembliesLoaded (0ms)
		ExecutionOrderSort2 (0ms)
		AwakeInstancesAfterBackupRestoration (9ms)
Launched and connected shader compiler UnityShaderCompiler.exe after 0.03 seconds
Refreshing native plugins compatible for Editor in 3.12 ms, found 4 plugins.
Preloading 0 native plugins for Editor in 0.00 ms.
Unloading 0 Unused Serialized files (Serialized files now loaded: 0)
Unloading 4926 unused Assets / (1.8 MB). Loaded Objects now: 5433.
Memory consumption went from 91.8 MB to 90.1 MB.
Total: 9.395200 ms (FindLiveObjects: 0.768200 ms CreateObjectMapping: 0.576500 ms MarkObjects: 5.902200 ms  DeleteObjects: 2.147000 ms)

========================================================================
Received Import Request.
  Time since last request: 83390.893044 seconds.
  path: Assets/Sprites/world_tileset.png
  artifactKey: Guid(b36df553e9a20804c863b24ce7754313) Importer(2089858483,192608db42251d675da83286b1cce702)
Start importing Assets/Sprites/world_tileset.png using Guid(b36df553e9a20804c863b24ce7754313) Importer(2089858483,192608db42251d675da83286b1cce702) (ScriptedImporter) -> (artifact id: '9636cc820ca1ac7c5af229c2be743468') in 0.1921279 seconds
Number of updated asset objects reloaded before import = 0Number of asset objects unloaded after import = 4

========================================================================
Received Import Request.
  Time since last request: 0.871575 seconds.
  path: Assets/Sprites/world_tileset.png
  artifactKey: Guid(b36df553e9a20804c863b24ce7754313) Importer(815301076,1909f56bfc062723c751e8b465ee728b)
Start importing Assets/Sprites/world_tileset.png using Guid(b36df553e9a20804c863b24ce7754313) Importer(815301076,1909f56bfc062723c751e8b465ee728b) (PreviewImporter) -> (artifact id: 'a83576e8c97504702dca2abc48a01bd7') in 0.1028205 seconds
Number of updated asset objects reloaded before import = 0Number of asset objects unloaded after import = 4

========================================================================
Received Import Request.
  Time since last request: 414.770350 seconds.
  path: Assets/Sprites/world_tileset.png
  artifactKey: Guid(b36df553e9a20804c863b24ce7754313) Importer(815301076,1909f56bfc062723c751e8b465ee728b)
Start importing Assets/Sprites/world_tileset.png using Guid(b36df553e9a20804c863b24ce7754313) Importer(815301076,1909f56bfc062723c751e8b465ee728b) (PreviewImporter) -> (artifact id: '1fe75fa072308dcc24918823a66f9061') in 0.4080017 seconds
Number of updated asset objects reloaded before import = 0Number of asset objects unloaded after import = 129

========================================================================
Received Import Request.
  Time since last request: 121.792414 seconds.
  path: Assets/Sprites/Ground.prefab
  artifactKey: Guid(b7a39d430d3186748ae630d98b597277) Importer(2089858483,192608db42251d675da83286b1cce702)
Start importing Assets/Sprites/Ground.prefab using Guid(b7a39d430d3186748ae630d98b597277) Importer(2089858483,192608db42251d675da83286b1cce702) (ScriptedImporter) -> (artifact id: 'd5cb1728a6206b4f504745a5f2b2130d') in 0.0665437 seconds
Number of updated asset objects reloaded before import = 0Number of asset objects unloaded after import = 10

========================================================================
Received Import Request.
  Time since last request: 7.180202 seconds.
  path: Assets/Sprites/world_tileset_118.asset
  artifactKey: Guid(441488a86417c804eb60221fa20b4b15) Importer(2089858483,192608db42251d675da83286b1cce702)
Start importing Assets/Sprites/world_tileset_118.asset using Guid(441488a86417c804eb60221fa20b4b15) Importer(2089858483,192608db42251d675da83286b1cce702) (ScriptedImporter) -> (artifact id: '7e7b91a78324a3780d3aba3da7290c92') in 0.034765 seconds
Number of updated asset objects reloaded before import = 0Number of asset objects unloaded after import = 2

========================================================================
Received Import Request.
  Time since last request: 0.004810 seconds.
  path: Assets/Sprites/world_tileset_30.asset
  artifactKey: Guid(b8030a952a5bd03478b286a68f909933) Importer(2089858483,192608db42251d675da83286b1cce702)
Start importing Assets/Sprites/world_tileset_30.asset using Guid(b8030a952a5bd03478b286a68f909933) Importer(2089858483,192608db42251d675da83286b1cce702) (ScriptedImporter) -> (artifact id: '29702e7050f5dd55a061f425f240c78d') in 0.0264799 seconds
Number of updated asset objects reloaded before import = 0Number of asset objects unloaded after import = 2

========================================================================
Received Import Request.
  Time since last request: 0.018353 seconds.
  path: Assets/Sprites/world_tileset_91.asset
  artifactKey: Guid(f746b2f25d8db4a4f9d89006af2f40c4) Importer(2089858483,192608db42251d675da83286b1cce702)
Start importing Assets/Sprites/world_tileset_91.asset using Guid(f746b2f25d8db4a4f9d89006af2f40c4) Importer(2089858483,192608db42251d675da83286b1cce702) (ScriptedImporter) -> (artifact id: '1067e4a2d32a317365c9c5b94c167438') in 0.0295987 seconds
Number of updated asset objects reloaded before import = 0Number of asset objects unloaded after import = 2

========================================================================
Received Import Request.
  Time since last request: 0.003281 seconds.
  path: Assets/Sprites/world_tileset_44.asset
  artifactKey: Guid(58ce581b3ee52474f83521756c6794d4) Importer(2089858483,192608db42251d675da83286b1cce702)
Start importing Assets/Sprites/world_tileset_44.asset using Guid(58ce581b3ee52474f83521756c6794d4) Importer(2089858483,192608db42251d675da83286b1cce702) (ScriptedImporter) -> (artifact id: 'f1742c542558d47550b7bfdbe898b229') in 0.0172246 seconds
Number of updated asset objects reloaded before import = 0Number of asset objects unloaded after import = 2

========================================================================
Received Import Request.
  Time since last request: 0.000125 seconds.
  path: Assets/Sprites/world_tileset_101.asset
  artifactKey: Guid(257618f70b29df443a1a9adc2917596a) Importer(2089858483,192608db42251d675da83286b1cce702)
Start importing Assets/Sprites/world_tileset_101.asset using Guid(257618f70b29df443a1a9adc2917596a) Importer(2089858483,192608db42251d675da83286b1cce702) (ScriptedImporter) -> (artifact id: '46de7551cc88eac87e9a6c1d892645b1') in 0.0352829 seconds
Number of updated asset objects reloaded before import = 0Number of asset objects unloaded after import = 2

========================================================================
Received Import Request.
  Time since last request: 0.000068 seconds.
  path: Assets/Sprites/world_tileset_50.asset
  artifactKey: Guid(5634ef42011199045ab59ee00d2bddf4) Importer(2089858483,192608db42251d675da83286b1cce702)
Start importing Assets/Sprites/world_tileset_50.asset using Guid(5634ef42011199045ab59ee00d2bddf4) Importer(2089858483,192608db42251d675da83286b1cce702) (ScriptedImporter) -> (artifact id: 'de04a021b14dc69f2a527eca6009f857') in 0.0189454 seconds
Number of updated asset objects reloaded before import = 0Number of asset objects unloaded after import = 2

========================================================================
Received Import Request.
  Time since last request: 0.000042 seconds.
  path: Assets/Sprites/world_tileset_3.asset
  artifactKey: Guid(4c3bbe636a1edf947b6e1e23792f63e1) Importer(2089858483,192608db42251d675da83286b1cce702)
Start importing Assets/Sprites/world_tileset_3.asset using Guid(4c3bbe636a1edf947b6e1e23792f63e1) Importer(2089858483,192608db42251d675da83286b1cce702) (ScriptedImporter) -> (artifact id: '71edf43be383d7a4c84d86d662102fc2') in 0.0335388 seconds
Number of updated asset objects reloaded before import = 0Number of asset objects unloaded after import = 2

========================================================================
Received Import Request.
  Time since last request: 0.000034 seconds.
  path: Assets/Sprites/world_tileset_79.asset
  artifactKey: Guid(2fcb2fb8b6876e442ac857e6083ffa69) Importer(2089858483,192608db42251d675da83286b1cce702)
Start importing Assets/Sprites/world_tileset_79.asset using Guid(2fcb2fb8b6876e442ac857e6083ffa69) Importer(2089858483,192608db42251d675da83286b1cce702) (ScriptedImporter) -> (artifact id: '4ea8738f1fc33a351c541885d395c480') in 0.0141673 seconds
Number of updated asset objects reloaded before import = 0Number of asset objects unloaded after import = 2

========================================================================
Received Import Request.
  Time since last request: 0.000036 seconds.
  path: Assets/Sprites/world_tileset_126.asset
  artifactKey: Guid(93750960cd87e4f4dad55cf27c4812e7) Importer(2089858483,192608db42251d675da83286b1cce702)
Start importing Assets/Sprites/world_tileset_126.asset using Guid(93750960cd87e4f4dad55cf27c4812e7) Importer(2089858483,192608db42251d675da83286b1cce702) (ScriptedImporter) -> (artifact id: '2f7b7b94e98b8e955a81bb753eb94caa') in 0.0193443 seconds
Number of updated asset objects reloaded before import = 0Number of asset objects unloaded after import = 2

========================================================================
Received Import Request.
  Time since last request: 0.000040 seconds.
  path: Assets/Sprites/world_tileset_92.asset
  artifactKey: Guid(4d0f522b1ecb1b64aa6cc3e783b78e13) Importer(2089858483,192608db42251d675da83286b1cce702)
Start importing Assets/Sprites/world_tileset_92.asset using Guid(4d0f522b1ecb1b64aa6cc3e783b78e13) Importer(2089858483,192608db42251d675da83286b1cce702) (ScriptedImporter) -> (artifact id: 'edd7e3a3999f3d41cf6a29a59b4e40be') in 0.0169284 seconds
Number of updated asset objects reloaded before import = 0Number of asset objects unloaded after import = 2

========================================================================
Received Import Request.
  Time since last request: 0.000033 seconds.
  path: Assets/Sprites/world_tileset_96.asset
  artifactKey: Guid(a407a362ba0065d42ad2186916b22503) Importer(2089858483,192608db42251d675da83286b1cce702)
Start importing Assets/Sprites/world_tileset_96.asset using Guid(a407a362ba0065d42ad2186916b22503) Importer(2089858483,192608db42251d675da83286b1cce702) (ScriptedImporter) -> (artifact id: '87c9bdba120be7cb6efdb34186c6a1c4') in 0.0190658 seconds
Number of updated asset objects reloaded before import = 0Number of asset objects unloaded after import = 2

========================================================================
Received Import Request.
  Time since last request: 0.000039 seconds.
  path: Assets/Sprites/world_tileset_16.asset
  artifactKey: Guid(a2ccc5c205bf8204a99b1bbacad2282e) Importer(2089858483,192608db42251d675da83286b1cce702)
Start importing Assets/Sprites/world_tileset_16.asset using Guid(a2ccc5c205bf8204a99b1bbacad2282e) Importer(2089858483,192608db42251d675da83286b1cce702) (ScriptedImporter) -> (artifact id: 'd40aad6cb140f8d76e83600893c9f273') in 0.0192938 seconds
Number of updated asset objects reloaded before import = 0Number of asset objects unloaded after import = 2

========================================================================
Received Import Request.
  Time since last request: 0.000230 seconds.
  path: Assets/Sprites/world_tileset_102.asset
  artifactKey: Guid(a590d41f2f993a1488f94448599c37d8) Importer(2089858483,192608db42251d675da83286b1cce702)
Start importing Assets/Sprites/world_tileset_102.asset using Guid(a590d41f2f993a1488f94448599c37d8) Importer(2089858483,192608db42251d675da83286b1cce702) (ScriptedImporter) -> (artifact id: '8c3fd475902df4015f968a5e071762d9') in 0.0201345 seconds
Number of updated asset objects reloaded before import = 0Number of asset objects unloaded after import = 2

========================================================================
Received Import Request.
  Time since last request: 0.000040 seconds.
  path: Assets/Sprites/world_tileset_51.asset
  artifactKey: Guid(db09f5e693e26744d8bdcc59a7a310fe) Importer(2089858483,192608db42251d675da83286b1cce702)
Start importing Assets/Sprites/world_tileset_51.asset using Guid(db09f5e693e26744d8bdcc59a7a310fe) Importer(2089858483,192608db42251d675da83286b1cce702) (ScriptedImporter) -> (artifact id: 'f105bd1fdb513a1c525bad32a323d879') in 0.0186864 seconds
Number of updated asset objects reloaded before import = 0Number of asset objects unloaded after import = 2

========================================================================
Received Import Request.
  Time since last request: 0.000040 seconds.
  path: Assets/Sprites/world_tileset_120.asset
  artifactKey: Guid(b8fe39e703fab704a8f15e016e4f254b) Importer(2089858483,192608db42251d675da83286b1cce702)
Start importing Assets/Sprites/world_tileset_120.asset using Guid(b8fe39e703fab704a8f15e016e4f254b) Importer(2089858483,192608db42251d675da83286b1cce702) (ScriptedImporter) -> (artifact id: '2ba199c57abdb746d4e72ae5c47f6dad') in 0.0196404 seconds
Number of updated asset objects reloaded before import = 0Number of asset objects unloaded after import = 2

========================================================================
Received Import Request.
  Time since last request: 0.000034 seconds.
  path: Assets/Sprites/world_tileset_76.asset
  artifactKey: Guid(061aadf11a521bc47aaa2e06ac4b74d1) Importer(2089858483,192608db42251d675da83286b1cce702)
Start importing Assets/Sprites/world_tileset_76.asset using Guid(061aadf11a521bc47aaa2e06ac4b74d1) Importer(2089858483,192608db42251d675da83286b1cce702) (ScriptedImporter) -> (artifact id: 'f72ed5bee0531f61e29e33ab815b7f8a') in 0.0158935 seconds
Number of updated asset objects reloaded before import = 0Number of asset objects unloaded after import = 2

========================================================================
Received Import Request.
  Time since last request: 0.000029 seconds.
  path: Assets/Sprites/world_tileset_23.asset
  artifactKey: Guid(a4c9cf8085a27b8418028712f9e181ce) Importer(2089858483,192608db42251d675da83286b1cce702)
Start importing Assets/Sprites/world_tileset_23.asset using Guid(a4c9cf8085a27b8418028712f9e181ce) Importer(2089858483,192608db42251d675da83286b1cce702) (ScriptedImporter) -> (artifact id: 'c41acad39281224146f8004d4820b578') in 0.0145096 seconds
Number of updated asset objects reloaded before import = 0Number of asset objects unloaded after import = 2

========================================================================
Received Import Request.
  Time since last request: 0.000030 seconds.
  path: Assets/Sprites/world_tileset_69.asset
  artifactKey: Guid(df985c089e11c7948814dc61b642f45f) Importer(2089858483,192608db42251d675da83286b1cce702)
Start importing Assets/Sprites/world_tileset_69.asset using Guid(df985c089e11c7948814dc61b642f45f) Importer(2089858483,192608db42251d675da83286b1cce702) (ScriptedImporter) -> (artifact id: '431fe54376ac0d2ea21b00daaea5ec98') in 0.0119818 seconds
Number of updated asset objects reloaded before import = 0Number of asset objects unloaded after import = 2

========================================================================
Received Import Request.
  Time since last request: 0.000044 seconds.
  path: Assets/Sprites/world_tileset_98.asset
  artifactKey: Guid(d7c75b931c6c3964491d0d10ab21378d) Importer(2089858483,192608db42251d675da83286b1cce702)
Start importing Assets/Sprites/world_tileset_98.asset using Guid(d7c75b931c6c3964491d0d10ab21378d) Importer(2089858483,192608db42251d675da83286b1cce702) (ScriptedImporter) -> (artifact id: '25744eefad098a3620b9cd4a6c67e541') in 0.0123752 seconds
Number of updated asset objects reloaded before import = 0Number of asset objects unloaded after import = 2

========================================================================
Received Import Request.
  Time since last request: 0.000029 seconds.
  path: Assets/Sprites/world_tileset_49.asset
  artifactKey: Guid(5365e7d374bd3a94da05f9fa7d6d6e62) Importer(2089858483,192608db42251d675da83286b1cce702)
Start importing Assets/Sprites/world_tileset_49.asset using Guid(5365e7d374bd3a94da05f9fa7d6d6e62) Importer(2089858483,192608db42251d675da83286b1cce702) (ScriptedImporter) -> (artifact id: '2ccba75f4fa71165b5b55d8b9f103520') in 0.0133597 seconds
Number of updated asset objects reloaded before import = 0Number of asset objects unloaded after import = 2

========================================================================
Received Import Request.
  Time since last request: 0.000028 seconds.
  path: Assets/Sprites/world_tileset_57.asset
  artifactKey: Guid(57efca6df0f4c4d4984c1b7caa3c046f) Importer(2089858483,192608db42251d675da83286b1cce702)
Start importing Assets/Sprites/world_tileset_57.asset using Guid(57efca6df0f4c4d4984c1b7caa3c046f) Importer(2089858483,192608db42251d675da83286b1cce702) (ScriptedImporter) -> (artifact id: '537b0e22f5fb4a78bd4623caaeb65ed9') in 0.0143979 seconds
Number of updated asset objects reloaded before import = 0Number of asset objects unloaded after import = 2

========================================================================
Received Import Request.
  Time since last request: 0.000023 seconds.
  path: Assets/Sprites/world_tileset_15.asset
  artifactKey: Guid(8c028ec7aa645914e9406cdb20fc0dbf) Importer(2089858483,192608db42251d675da83286b1cce702)
Start importing Assets/Sprites/world_tileset_15.asset using Guid(8c028ec7aa645914e9406cdb20fc0dbf) Importer(2089858483,192608db42251d675da83286b1cce702) (ScriptedImporter) -> (artifact id: 'd6f6d7d5689b17f90c3cc39338c7104a') in 0.0136949 seconds
Number of updated asset objects reloaded before import = 0Number of asset objects unloaded after import = 2

========================================================================
Received Import Request.
  Time since last request: 0.000035 seconds.
  path: Assets/Sprites/world_tileset_32.asset
  artifactKey: Guid(4001dc82d7827c64aa88b544944ce225) Importer(2089858483,192608db42251d675da83286b1cce702)
Start importing Assets/Sprites/world_tileset_32.asset using Guid(4001dc82d7827c64aa88b544944ce225) Importer(2089858483,192608db42251d675da83286b1cce702) (ScriptedImporter) -> (artifact id: '3adcdeb3273c4a422f305934781b6ed1') in 0.0171485 seconds
Number of updated asset objects reloaded before import = 0Number of asset objects unloaded after import = 2

========================================================================
Received Import Request.
  Time since last request: 0.000035 seconds.
  path: Assets/Sprites/world_tileset_58.asset
  artifactKey: Guid(6559a1ea3a3d71f47b7d7937df5b9126) Importer(2089858483,192608db42251d675da83286b1cce702)
Start importing Assets/Sprites/world_tileset_58.asset using Guid(6559a1ea3a3d71f47b7d7937df5b9126) Importer(2089858483,192608db42251d675da83286b1cce702) (ScriptedImporter) -> (artifact id: 'f755ff902568ebc877a8e48daac446ea') in 0.0202327 seconds
Number of updated asset objects reloaded before import = 0Number of asset objects unloaded after import = 2

========================================================================
Received Import Request.
  Time since last request: 0.000028 seconds.
  path: Assets/Sprites/world_tileset_89.asset
  artifactKey: Guid(b22c5a8407c81174cb9b1661706937f6) Importer(2089858483,192608db42251d675da83286b1cce702)
Start importing Assets/Sprites/world_tileset_89.asset using Guid(b22c5a8407c81174cb9b1661706937f6) Importer(2089858483,192608db42251d675da83286b1cce702) (ScriptedImporter) -> (artifact id: '2693d25f0dfef8342ea6bb856b73d000') in 0.0147883 seconds
Number of updated asset objects reloaded before import = 0Number of asset objects unloaded after import = 2

========================================================================
Received Import Request.
  Time since last request: 0.000034 seconds.
  path: Assets/Sprites/world_tileset_19.asset
  artifactKey: Guid(0ae490e92fc08ce4ba54dc9b2a706ace) Importer(2089858483,192608db42251d675da83286b1cce702)
Start importing Assets/Sprites/world_tileset_19.asset using Guid(0ae490e92fc08ce4ba54dc9b2a706ace) Importer(2089858483,192608db42251d675da83286b1cce702) (ScriptedImporter) -> (artifact id: 'a16f7388ba2147b4ed6d36b316eab5e2') in 0.0124128 seconds
Number of updated asset objects reloaded before import = 0Number of asset objects unloaded after import = 2

========================================================================
Received Import Request.
  Time since last request: 0.000022 seconds.
  path: Assets/Sprites/world_tileset_13.asset
  artifactKey: Guid(6fc2e5c285d4e324ba58dbb32c897075) Importer(2089858483,192608db42251d675da83286b1cce702)
Start importing Assets/Sprites/world_tileset_13.asset using Guid(6fc2e5c285d4e324ba58dbb32c897075) Importer(2089858483,192608db42251d675da83286b1cce702) (ScriptedImporter) -> (artifact id: '2377aeadc020a79435d24fa94f4af3b5') in 0.0128765 seconds
Number of updated asset objects reloaded before import = 0Number of asset objects unloaded after import = 2

========================================================================
Received Import Request.
  Time since last request: 0.000035 seconds.
  path: Assets/Sprites/world_tileset_17.asset
  artifactKey: Guid(755aa18ff2f99874db1eb5d0a9756bde) Importer(2089858483,192608db42251d675da83286b1cce702)
Start importing Assets/Sprites/world_tileset_17.asset using Guid(755aa18ff2f99874db1eb5d0a9756bde) Importer(2089858483,192608db42251d675da83286b1cce702) (ScriptedImporter) -> (artifact id: 'fb3fe710561407125cad1985cda4ff48') in 0.0129189 seconds
Number of updated asset objects reloaded before import = 0Number of asset objects unloaded after import = 2

========================================================================
Received Import Request.
  Time since last request: 0.000043 seconds.
  path: Assets/Sprites/world_tileset_14.asset
  artifactKey: Guid(c1a5ecaa3640ebe43a9436bc110b71e1) Importer(2089858483,192608db42251d675da83286b1cce702)
Start importing Assets/Sprites/world_tileset_14.asset using Guid(c1a5ecaa3640ebe43a9436bc110b71e1) Importer(2089858483,192608db42251d675da83286b1cce702) (ScriptedImporter) -> (artifact id: '54bcd26bfb0f4128ab169eccbdd32fee') in 0.0161709 seconds
Number of updated asset objects reloaded before import = 0Number of asset objects unloaded after import = 2

========================================================================
Received Import Request.
  Time since last request: 0.000041 seconds.
  path: Assets/Sprites/world_tileset_42.asset
  artifactKey: Guid(75adfcba1366b554a90f6c0362ed37c7) Importer(2089858483,192608db42251d675da83286b1cce702)
Start importing Assets/Sprites/world_tileset_42.asset using Guid(75adfcba1366b554a90f6c0362ed37c7) Importer(2089858483,192608db42251d675da83286b1cce702) (ScriptedImporter) -> (artifact id: 'ac664c4cede0499c15457d61249e4c09') in 0.0127014 seconds
Number of updated asset objects reloaded before import = 0Number of asset objects unloaded after import = 2

========================================================================
Received Import Request.
  Time since last request: 0.000028 seconds.
  path: Assets/Sprites/world_tileset_54.asset
  artifactKey: Guid(68ab62b50cecdfa4085c4094916a38bc) Importer(2089858483,192608db42251d675da83286b1cce702)
Start importing Assets/Sprites/world_tileset_54.asset using Guid(68ab62b50cecdfa4085c4094916a38bc) Importer(2089858483,192608db42251d675da83286b1cce702) (ScriptedImporter) -> (artifact id: 'df4c8b04170199ad7922fc0224e062db') in 0.015335 seconds
Number of updated asset objects reloaded before import = 0Number of asset objects unloaded after import = 2

========================================================================
Received Import Request.
  Time since last request: 0.000029 seconds.
  path: Assets/Sprites/world_tileset_46.asset
  artifactKey: Guid(42ed43cc026f5e044a814d1e0907e228) Importer(2089858483,192608db42251d675da83286b1cce702)
Start importing Assets/Sprites/world_tileset_46.asset using Guid(42ed43cc026f5e044a814d1e0907e228) Importer(2089858483,192608db42251d675da83286b1cce702) (ScriptedImporter) -> (artifact id: 'e65bcebb32629cb95f287db9b8e165ec') in 0.0150411 seconds
Number of updated asset objects reloaded before import = 0Number of asset objects unloaded after import = 2

========================================================================
Received Import Request.
  Time since last request: 0.000026 seconds.
  path: Assets/Sprites/world_tileset_71.asset
  artifactKey: Guid(76e01621c4c85654590da67979c73943) Importer(2089858483,192608db42251d675da83286b1cce702)
Start importing Assets/Sprites/world_tileset_71.asset using Guid(76e01621c4c85654590da67979c73943) Importer(2089858483,192608db42251d675da83286b1cce702) (ScriptedImporter) -> (artifact id: 'fc3a3ac02a048ed8570cf99df76f72eb') in 0.0127043 seconds
Number of updated asset objects reloaded before import = 0Number of asset objects unloaded after import = 2

========================================================================
Received Import Request.
  Time since last request: 0.000029 seconds.
  path: Assets/Sprites/world_tileset_37.asset
  artifactKey: Guid(d05160840563057498f3ae9a6d0dba2e) Importer(2089858483,192608db42251d675da83286b1cce702)
Start importing Assets/Sprites/world_tileset_37.asset using Guid(d05160840563057498f3ae9a6d0dba2e) Importer(2089858483,192608db42251d675da83286b1cce702) (ScriptedImporter) -> (artifact id: '1f1468aef38d8c82f4fc7ab10f538412') in 0.0118411 seconds
Number of updated asset objects reloaded before import = 0Number of asset objects unloaded after import = 2

========================================================================
Received Import Request.
  Time since last request: 0.000021 seconds.
  path: Assets/Sprites/world_tileset_124.asset
  artifactKey: Guid(40834162e83d9764a952dc55c91bc734) Importer(2089858483,192608db42251d675da83286b1cce702)
Start importing Assets/Sprites/world_tileset_124.asset using Guid(40834162e83d9764a952dc55c91bc734) Importer(2089858483,192608db42251d675da83286b1cce702) (ScriptedImporter) -> (artifact id: '91d4598c5808309e9606d16fcdb95cbb') in 0.0118694 seconds
Number of updated asset objects reloaded before import = 0Number of asset objects unloaded after import = 2

========================================================================
Received Import Request.
  Time since last request: 0.000031 seconds.
  path: Assets/Sprites/world_tileset_97.asset
  artifactKey: Guid(5ab2ef666e702ec4aaf44bfb325438c4) Importer(2089858483,192608db42251d675da83286b1cce702)
Start importing Assets/Sprites/world_tileset_97.asset using Guid(5ab2ef666e702ec4aaf44bfb325438c4) Importer(2089858483,192608db42251d675da83286b1cce702) (ScriptedImporter) -> (artifact id: 'f6a6587f468dffe5f97e7b054b12eda4') in 0.0136883 seconds
Number of updated asset objects reloaded before import = 0Number of asset objects unloaded after import = 2

========================================================================
Received Import Request.
  Time since last request: 0.000027 seconds.
  path: Assets/Sprites/world_tileset_59.asset
  artifactKey: Guid(03d767170cb30354b9a79552e75fd231) Importer(2089858483,192608db42251d675da83286b1cce702)
Start importing Assets/Sprites/world_tileset_59.asset using Guid(03d767170cb30354b9a79552e75fd231) Importer(2089858483,192608db42251d675da83286b1cce702) (ScriptedImporter) -> (artifact id: '0920839c10bbc608594dd975e940caff') in 0.0145751 seconds
Number of updated asset objects reloaded before import = 0Number of asset objects unloaded after import = 2

========================================================================
Received Import Request.
  Time since last request: 0.000021 seconds.
  path: Assets/Sprites/world_tileset_68.asset
  artifactKey: Guid(757f372c22e26764daa0f81d65f0a187) Importer(2089858483,192608db42251d675da83286b1cce702)
Start importing Assets/Sprites/world_tileset_68.asset using Guid(757f372c22e26764daa0f81d65f0a187) Importer(2089858483,192608db42251d675da83286b1cce702) (ScriptedImporter) -> (artifact id: 'cdce04df224c3c108258c1d40c747248') in 0.0152253 seconds
Number of updated asset objects reloaded before import = 0Number of asset objects unloaded after import = 2

========================================================================
Received Import Request.
  Time since last request: 0.000038 seconds.
  path: Assets/Sprites/world_tileset_99.asset
  artifactKey: Guid(302a7af1f8b751743acabf61f821fda4) Importer(2089858483,192608db42251d675da83286b1cce702)
Start importing Assets/Sprites/world_tileset_99.asset using Guid(302a7af1f8b751743acabf61f821fda4) Importer(2089858483,192608db42251d675da83286b1cce702) (ScriptedImporter) -> (artifact id: '73bd6108de59409ed1a04820fd96c6a1') in 0.0126527 seconds
Number of updated asset objects reloaded before import = 0Number of asset objects unloaded after import = 2

========================================================================
Received Import Request.
  Time since last request: 0.000034 seconds.
  path: Assets/Sprites/world_tileset_94.asset
  artifactKey: Guid(5e39141aca64e234d9cb4c435b480b51) Importer(2089858483,192608db42251d675da83286b1cce702)
Start importing Assets/Sprites/world_tileset_94.asset using Guid(5e39141aca64e234d9cb4c435b480b51) Importer(2089858483,192608db42251d675da83286b1cce702) (ScriptedImporter) -> (artifact id: '603be322775ee5fd8be9fee7764980ad') in 0.0148123 seconds
Number of updated asset objects reloaded before import = 0Number of asset objects unloaded after import = 2

========================================================================
Received Import Request.
  Time since last request: 0.000044 seconds.
  path: Assets/Sprites/world_tileset_65.asset
  artifactKey: Guid(5bd27f7566a9278488b66dd15603ce71) Importer(2089858483,192608db42251d675da83286b1cce702)
Start importing Assets/Sprites/world_tileset_65.asset using Guid(5bd27f7566a9278488b66dd15603ce71) Importer(2089858483,192608db42251d675da83286b1cce702) (ScriptedImporter) -> (artifact id: '3c3dc4a1bf7990726e0bad5662226e1e') in 0.0135204 seconds
Number of updated asset objects reloaded before import = 0Number of asset objects unloaded after import = 2

========================================================================
Received Import Request.
  Time since last request: 0.000021 seconds.
  path: Assets/Sprites/world_tileset_113.asset
  artifactKey: Guid(03c9cb36616267e4eacfaa357e44a830) Importer(2089858483,192608db42251d675da83286b1cce702)
Start importing Assets/Sprites/world_tileset_113.asset using Guid(03c9cb36616267e4eacfaa357e44a830) Importer(2089858483,192608db42251d675da83286b1cce702) (ScriptedImporter) -> (artifact id: '1f18272c430a8240edc3b67f373a60da') in 0.0138096 seconds
Number of updated asset objects reloaded before import = 0Number of asset objects unloaded after import = 2

========================================================================
Received Import Request.
  Time since last request: 0.000052 seconds.
  path: Assets/Sprites/world_tileset_6.asset
  artifactKey: Guid(a61b02c8546e1384682ae84082777815) Importer(2089858483,192608db42251d675da83286b1cce702)
Start importing Assets/Sprites/world_tileset_6.asset using Guid(a61b02c8546e1384682ae84082777815) Importer(2089858483,192608db42251d675da83286b1cce702) (ScriptedImporter) -> (artifact id: '377d6f6cff15d9a48dfd2361745d0a67') in 0.0160251 seconds
Number of updated asset objects reloaded before import = 0Number of asset objects unloaded after import = 2

========================================================================
Received Import Request.
  Time since last request: 0.000053 seconds.
  path: Assets/Sprites/world_tileset_88.asset
  artifactKey: Guid(97f22076b81a3c54e991effd358077e7) Importer(2089858483,192608db42251d675da83286b1cce702)
Start importing Assets/Sprites/world_tileset_88.asset using Guid(97f22076b81a3c54e991effd358077e7) Importer(2089858483,192608db42251d675da83286b1cce702) (ScriptedImporter) -> (artifact id: '2a380c58cbbe0f30b884bc4cd636c34a') in 0.0183154 seconds
Number of updated asset objects reloaded before import = 0Number of asset objects unloaded after import = 2

========================================================================
Received Import Request.
  Time since last request: 0.000042 seconds.
  path: Assets/Sprites/world_tileset_84.asset
  artifactKey: Guid(0751324fa1158be48bce8a0c21a56b20) Importer(2089858483,192608db42251d675da83286b1cce702)
Start importing Assets/Sprites/world_tileset_84.asset using Guid(0751324fa1158be48bce8a0c21a56b20) Importer(2089858483,192608db42251d675da83286b1cce702) (ScriptedImporter) -> (artifact id: 'f47698eee8087cf578e852116e41e263') in 0.0155375 seconds
Number of updated asset objects reloaded before import = 0Number of asset objects unloaded after import = 2

========================================================================
Received Import Request.
  Time since last request: 0.000032 seconds.
  path: Assets/Sprites/world_tileset_122.asset
  artifactKey: Guid(355336ae7eaafe14a80f688d66c630d4) Importer(2089858483,192608db42251d675da83286b1cce702)
Start importing Assets/Sprites/world_tileset_122.asset using Guid(355336ae7eaafe14a80f688d66c630d4) Importer(2089858483,192608db42251d675da83286b1cce702) (ScriptedImporter) -> (artifact id: '4a045226bc3e15d793ff7e75a17b4e2a') in 0.0348262 seconds
Number of updated asset objects reloaded before import = 0Number of asset objects unloaded after import = 2

========================================================================
Received Import Request.
  Time since last request: 0.000035 seconds.
  path: Assets/Sprites/world_tileset_64.asset
  artifactKey: Guid(12a7ac2afdc2dc94a8006ef7d0123fbb) Importer(2089858483,192608db42251d675da83286b1cce702)
Start importing Assets/Sprites/world_tileset_64.asset using Guid(12a7ac2afdc2dc94a8006ef7d0123fbb) Importer(2089858483,192608db42251d675da83286b1cce702) (ScriptedImporter) -> (artifact id: '3db7133f2e113226a32a7e331d7f0027') in 0.0144055 seconds
Number of updated asset objects reloaded before import = 0Number of asset objects unloaded after import = 2

========================================================================
Received Import Request.
  Time since last request: 0.000032 seconds.
  path: Assets/Sprites/world_tileset_21.asset
  artifactKey: Guid(d7412d96fd50ec342bda1f1a0fa03dfc) Importer(2089858483,192608db42251d675da83286b1cce702)
Start importing Assets/Sprites/world_tileset_21.asset using Guid(d7412d96fd50ec342bda1f1a0fa03dfc) Importer(2089858483,192608db42251d675da83286b1cce702) (ScriptedImporter) -> (artifact id: 'f99e1ed6ef2dd0f8b0a342131588c8e1') in 0.0127543 seconds
Number of updated asset objects reloaded before import = 0Number of asset objects unloaded after import = 2

========================================================================
Received Import Request.
  Time since last request: 0.000033 seconds.
  path: Assets/Sprites/world_tileset_95.asset
  artifactKey: Guid(5bae04d767102f3498de31f57050acd0) Importer(2089858483,192608db42251d675da83286b1cce702)
Start importing Assets/Sprites/world_tileset_95.asset using Guid(5bae04d767102f3498de31f57050acd0) Importer(2089858483,192608db42251d675da83286b1cce702) (ScriptedImporter) -> (artifact id: '892f1666361ea8170717bdab2c8ac1fa') in 0.0125589 seconds
Number of updated asset objects reloaded before import = 0Number of asset objects unloaded after import = 2

========================================================================
Received Import Request.
  Time since last request: 0.000109 seconds.
  path: Assets/Sprites/world_tileset_125.asset
  artifactKey: Guid(a25e71d1c4eb13a41b6fac0e8d94f775) Importer(2089858483,192608db42251d675da83286b1cce702)
Start importing Assets/Sprites/world_tileset_125.asset using Guid(a25e71d1c4eb13a41b6fac0e8d94f775) Importer(2089858483,192608db42251d675da83286b1cce702) (ScriptedImporter) -> (artifact id: '770dd85a6ef179b74938f6e9d5e74150') in 0.0142156 seconds
Number of updated asset objects reloaded before import = 0Number of asset objects unloaded after import = 2

========================================================================
Received Import Request.
  Time since last request: 0.000041 seconds.
  path: Assets/Sprites/world_tileset_43.asset
  artifactKey: Guid(1d15f8d93972ca74baf5501a4d0123fd) Importer(2089858483,192608db42251d675da83286b1cce702)
Start importing Assets/Sprites/world_tileset_43.asset using Guid(1d15f8d93972ca74baf5501a4d0123fd) Importer(2089858483,192608db42251d675da83286b1cce702) (ScriptedImporter) -> (artifact id: 'fece4f1a4d9ecc77a8b1b07907d909be') in 0.0162498 seconds
Number of updated asset objects reloaded before import = 0Number of asset objects unloaded after import = 2

========================================================================
Received Import Request.
  Time since last request: 0.000035 seconds.
  path: Assets/Sprites/world_tileset_82.asset
  artifactKey: Guid(cfe96f5f8d3bf3849b935594548afe3e) Importer(2089858483,192608db42251d675da83286b1cce702)
Start importing Assets/Sprites/world_tileset_82.asset using Guid(cfe96f5f8d3bf3849b935594548afe3e) Importer(2089858483,192608db42251d675da83286b1cce702) (ScriptedImporter) -> (artifact id: 'e023647c33fb2a4d2400ca8da077ffb5') in 0.0165877 seconds
Number of updated asset objects reloaded before import = 0Number of asset objects unloaded after import = 2

========================================================================
Received Import Request.
  Time since last request: 0.000035 seconds.
  path: Assets/Sprites/world_tileset_31.asset
  artifactKey: Guid(18d40b5c00b4344448432026563650f3) Importer(2089858483,192608db42251d675da83286b1cce702)
Start importing Assets/Sprites/world_tileset_31.asset using Guid(18d40b5c00b4344448432026563650f3) Importer(2089858483,192608db42251d675da83286b1cce702) (ScriptedImporter) -> (artifact id: 'aac8d17929e218b5fb3ac234b63da796') in 0.0157909 seconds
Number of updated asset objects reloaded before import = 0Number of asset objects unloaded after import = 2

========================================================================
Received Import Request.
  Time since last request: 0.000034 seconds.
  path: Assets/Sprites/world_tileset_110.asset
  artifactKey: Guid(7222ec9086365084281459e6832b11d4) Importer(2089858483,192608db42251d675da83286b1cce702)
Start importing Assets/Sprites/world_tileset_110.asset using Guid(7222ec9086365084281459e6832b11d4) Importer(2089858483,192608db42251d675da83286b1cce702) (ScriptedImporter) -> (artifact id: '3159e5adb50b1687cf299a836d7fff39') in 0.0183455 seconds
Number of updated asset objects reloaded before import = 0Number of asset objects unloaded after import = 2

========================================================================
Received Import Request.
  Time since last request: 0.000022 seconds.
  path: Assets/Sprites/world_tileset_119.asset
  artifactKey: Guid(4cb8070a18ce14b45bf5ea05a39cb90e) Importer(2089858483,192608db42251d675da83286b1cce702)
Start importing Assets/Sprites/world_tileset_119.asset using Guid(4cb8070a18ce14b45bf5ea05a39cb90e) Importer(2089858483,192608db42251d675da83286b1cce702) (ScriptedImporter) -> (artifact id: '6197a505979cbf835a7159cdc3d24d07') in 0.0164695 seconds
Number of updated asset objects reloaded before import = 0Number of asset objects unloaded after import = 2

========================================================================
Received Import Request.
  Time since last request: 0.000040 seconds.
  path: Assets/Sprites/world_tileset_117.asset
  artifactKey: Guid(81d254fb7237ce34f9f9c47aff79a1ba) Importer(2089858483,192608db42251d675da83286b1cce702)
Start importing Assets/Sprites/world_tileset_117.asset using Guid(81d254fb7237ce34f9f9c47aff79a1ba) Importer(2089858483,192608db42251d675da83286b1cce702) (ScriptedImporter) -> (artifact id: '1de576a8acb450ed5852c57200db263d') in 0.0128676 seconds
Number of updated asset objects reloaded before import = 0Number of asset objects unloaded after import = 2

========================================================================
Received Import Request.
  Time since last request: 0.000031 seconds.
  path: Assets/Sprites/world_tileset_4.asset
  artifactKey: Guid(a02d9d8c116ed624290991985eccc2d7) Importer(2089858483,192608db42251d675da83286b1cce702)
Start importing Assets/Sprites/world_tileset_4.asset using Guid(a02d9d8c116ed624290991985eccc2d7) Importer(2089858483,192608db42251d675da83286b1cce702) (ScriptedImporter) -> (artifact id: 'fabef7ba91bc6c44548ad60babb07f9e') in 0.0164638 seconds
Number of updated asset objects reloaded before import = 0Number of asset objects unloaded after import = 2

========================================================================
Received Import Request.
  Time since last request: 0.000036 seconds.
  path: Assets/Sprites/world_tileset_11.asset
  artifactKey: Guid(573636e64b6ed934abf480a63ab743da) Importer(2089858483,192608db42251d675da83286b1cce702)
Start importing Assets/Sprites/world_tileset_11.asset using Guid(573636e64b6ed934abf480a63ab743da) Importer(2089858483,192608db42251d675da83286b1cce702) (ScriptedImporter) -> (artifact id: '58003461f9da0543bb1c900fdda82969') in 0.0158712 seconds
Number of updated asset objects reloaded before import = 0Number of asset objects unloaded after import = 2

========================================================================
Received Import Request.
  Time since last request: 0.000028 seconds.
  path: Assets/Sprites/world_tileset_47.asset
  artifactKey: Guid(9eb01ea5908df7d4ab9ce52d4a00b4ff) Importer(2089858483,192608db42251d675da83286b1cce702)
Start importing Assets/Sprites/world_tileset_47.asset using Guid(9eb01ea5908df7d4ab9ce52d4a00b4ff) Importer(2089858483,192608db42251d675da83286b1cce702) (ScriptedImporter) -> (artifact id: '49ff64ac5b6a61b997b47bdc93b1ce7c') in 0.0121506 seconds
Number of updated asset objects reloaded before import = 0Number of asset objects unloaded after import = 2

========================================================================
Received Import Request.
  Time since last request: 0.000027 seconds.
  path: Assets/Sprites/world_tileset_61.asset
  artifactKey: Guid(ca2c76267de0c674c9c51cc4e55d6c64) Importer(2089858483,192608db42251d675da83286b1cce702)
Start importing Assets/Sprites/world_tileset_61.asset using Guid(ca2c76267de0c674c9c51cc4e55d6c64) Importer(2089858483,192608db42251d675da83286b1cce702) (ScriptedImporter) -> (artifact id: '45d1d4b6a3cbe6da9fa8812318257c17') in 0.0127654 seconds
Number of updated asset objects reloaded before import = 0Number of asset objects unloaded after import = 2

========================================================================
Received Import Request.
  Time since last request: 0.000071 seconds.
  path: Assets/Sprites/world_tileset_10.asset
  artifactKey: Guid(cb8b5feac07e1644db752eb4342f491f) Importer(2089858483,192608db42251d675da83286b1cce702)
Start importing Assets/Sprites/world_tileset_10.asset using Guid(cb8b5feac07e1644db752eb4342f491f) Importer(2089858483,192608db42251d675da83286b1cce702) (ScriptedImporter) -> (artifact id: '90a45f5e6e72318cd4b786ca5b525be3') in 0.0133633 seconds
Number of updated asset objects reloaded before import = 0Number of asset objects unloaded after import = 2

========================================================================
Received Import Request.
  Time since last request: 0.000035 seconds.
  path: Assets/Sprites/world_tileset_35.asset
  artifactKey: Guid(0d897fc98f1740c49aaa00ccf0006e21) Importer(2089858483,192608db42251d675da83286b1cce702)
Start importing Assets/Sprites/world_tileset_35.asset using Guid(0d897fc98f1740c49aaa00ccf0006e21) Importer(2089858483,192608db42251d675da83286b1cce702) (ScriptedImporter) -> (artifact id: '213db1c535cfe3143eae0b4796a1740a') in 0.0134881 seconds
Number of updated asset objects reloaded before import = 0Number of asset objects unloaded after import = 2

========================================================================
Received Import Request.
  Time since last request: 0.000035 seconds.
  path: Assets/Sprites/world_tileset_29.asset
  artifactKey: Guid(8602ae4180f499e4c8ccfed359794b87) Importer(2089858483,192608db42251d675da83286b1cce702)
Start importing Assets/Sprites/world_tileset_29.asset using Guid(8602ae4180f499e4c8ccfed359794b87) Importer(2089858483,192608db42251d675da83286b1cce702) (ScriptedImporter) -> (artifact id: 'a3a53e983327efdd25e611bfb59e7102') in 0.0118688 seconds
Number of updated asset objects reloaded before import = 0Number of asset objects unloaded after import = 2

========================================================================
Received Import Request.
  Time since last request: 0.000038 seconds.
  path: Assets/Sprites/world_tileset_74.asset
  artifactKey: Guid(05753956e34fc1d4289a1943df873852) Importer(2089858483,192608db42251d675da83286b1cce702)
Start importing Assets/Sprites/world_tileset_74.asset using Guid(05753956e34fc1d4289a1943df873852) Importer(2089858483,192608db42251d675da83286b1cce702) (ScriptedImporter) -> (artifact id: '5e22c1377ae95bdd3b6d7b58ad152189') in 0.0128781 seconds
Number of updated asset objects reloaded before import = 0Number of asset objects unloaded after import = 2

========================================================================
Received Import Request.
  Time since last request: 0.000030 seconds.
  path: Assets/Sprites/world_tileset_114.asset
  artifactKey: Guid(2347e95f2a7537d44822f4957df2692f) Importer(2089858483,192608db42251d675da83286b1cce702)
Start importing Assets/Sprites/world_tileset_114.asset using Guid(2347e95f2a7537d44822f4957df2692f) Importer(2089858483,192608db42251d675da83286b1cce702) (ScriptedImporter) -> (artifact id: 'a956922b6e7c427663763d32d8e80c2a') in 0.0138093 seconds
Number of updated asset objects reloaded before import = 0Number of asset objects unloaded after import = 2

========================================================================
Received Import Request.
  Time since last request: 0.000030 seconds.
  path: Assets/Sprites/world_tileset_22.asset
  artifactKey: Guid(f1254668ae885d74abafa987e0256cdf) Importer(2089858483,192608db42251d675da83286b1cce702)
Start importing Assets/Sprites/world_tileset_22.asset using Guid(f1254668ae885d74abafa987e0256cdf) Importer(2089858483,192608db42251d675da83286b1cce702) (ScriptedImporter) -> (artifact id: '8b89e7a7d6587c3a9f70b34f3de9927b') in 0.0120853 seconds
Number of updated asset objects reloaded before import = 0Number of asset objects unloaded after import = 2

========================================================================
Received Import Request.
  Time since last request: 0.000039 seconds.
  path: Assets/Sprites/world_tileset_86.asset
  artifactKey: Guid(603079acb8637be439624632eefd33c0) Importer(2089858483,192608db42251d675da83286b1cce702)
Start importing Assets/Sprites/world_tileset_86.asset using Guid(603079acb8637be439624632eefd33c0) Importer(2089858483,192608db42251d675da83286b1cce702) (ScriptedImporter) -> (artifact id: '487dd871b385f70643e88d6f9b0ac58a') in 0.0128655 seconds
Number of updated asset objects reloaded before import = 0Number of asset objects unloaded after import = 2

========================================================================
Received Import Request.
  Time since last request: 0.000019 seconds.
  path: Assets/Sprites/world_tileset_45.asset
  artifactKey: Guid(f155defadc5b51b489e0d4d87a2ae46e) Importer(2089858483,192608db42251d675da83286b1cce702)
Start importing Assets/Sprites/world_tileset_45.asset using Guid(f155defadc5b51b489e0d4d87a2ae46e) Importer(2089858483,192608db42251d675da83286b1cce702) (ScriptedImporter) -> (artifact id: '937a29df53b3a1843330d42d5ef8d545') in 0.012335 seconds
Number of updated asset objects reloaded before import = 0Number of asset objects unloaded after import = 2

========================================================================
Received Import Request.
  Time since last request: 0.000029 seconds.
  path: Assets/Sprites/world_tileset_72.asset
  artifactKey: Guid(978a6dd044e7f90448eaf46ca00399d9) Importer(2089858483,192608db42251d675da83286b1cce702)
Start importing Assets/Sprites/world_tileset_72.asset using Guid(978a6dd044e7f90448eaf46ca00399d9) Importer(2089858483,192608db42251d675da83286b1cce702) (ScriptedImporter) -> (artifact id: '4c9c442ced39dc6e040694bf08f10604') in 0.0136109 seconds
Number of updated asset objects reloaded before import = 0Number of asset objects unloaded after import = 2

========================================================================
Received Import Request.
  Time since last request: 0.000035 seconds.
  path: Assets/Sprites/world_tileset_121.asset
  artifactKey: Guid(3c1f56390380cc34295d2329f0281842) Importer(2089858483,192608db42251d675da83286b1cce702)
Start importing Assets/Sprites/world_tileset_121.asset using Guid(3c1f56390380cc34295d2329f0281842) Importer(2089858483,192608db42251d675da83286b1cce702) (ScriptedImporter) -> (artifact id: 'da8980b0ed095e99af933d553b30fc8d') in 0.0136947 seconds
Number of updated asset objects reloaded before import = 0Number of asset objects unloaded after import = 2

========================================================================
Received Import Request.
  Time since last request: 0.000095 seconds.
  path: Assets/Sprites/world_tileset_109.asset
  artifactKey: Guid(86020596e10597e499c2bb98eec7e382) Importer(2089858483,192608db42251d675da83286b1cce702)
Start importing Assets/Sprites/world_tileset_109.asset using Guid(86020596e10597e499c2bb98eec7e382) Importer(2089858483,192608db42251d675da83286b1cce702) (ScriptedImporter) -> (artifact id: '50958e6716ace0bab7be41323832c349') in 0.0135981 seconds
Number of updated asset objects reloaded before import = 0Number of asset objects unloaded after import = 2

Editor requested this worker to shutdown with reason: Scaling down because of idle timeout
AssetImportWorker is now disconnected from the server
Process exiting
Exiting without the bug reporter. Application will terminate with return code 0