[Licensing::Module] Trying to connect to existing licensing client channel...
Built from '6000.2/respin/6000.2.6f2-cc51a95c03' branch; Version is '6000.2.6f2 (4a4dcaec6541) revision 4869578'; Using compiler version '194234433'; Build Type 'Release'
[Licensing::IpcConnector] Successfully connected to: "LicenseClient-Owner" at "2025-10-16T23:09:09.5676008Z"
OS: 'Windows 11  (10.0.26200) 64bit Core' Language: 'en' Physical Memory: 15611 MB
BatchMode: 1, IsHumanControllingUs: 0, StartBugReporterOnCrash: 0, Is64bit: 1
Date: 2025-10-16T23:09:09Z

COMMAND LINE ARGUMENTS:
C:\Program Files\Unity\Hub\Editor\6000.2.6f2\Editor\Unity.exe
-adb2
-batchMode
-noUpm
-name
AssetImportWorker4
-projectPath
C:/Users/Owner/Documents/GitHub/MercenaryWars-Unity
-logFile
Logs/AssetImportWorker4.log
-srvPort
65303
-licensingIpc
LicenseClient-Owner
-job-worker-count
7
-background-job-worker-count
8
-gc-helper-count
1
-name
AssetImport
Successfully changed project path to: C:/Users/Owner/Documents/GitHub/MercenaryWars-Unity
C:/Users/Owner/Documents/GitHub/MercenaryWars-Unity
[UnityMemory] Configuration Parameters - Can be set up in boot.config
    "memorysetup-allocator-temp-initial-block-size-main=262144"
    "memorysetup-allocator-temp-initial-block-size-worker=262144"
    "memorysetup-bucket-allocator-granularity=16"
    "memorysetup-bucket-allocator-bucket-count=8"
    "memorysetup-bucket-allocator-block-size=33554432"
    "memorysetup-bucket-allocator-block-count=8"
    "memorysetup-main-allocator-block-size=16777216"
    "memorysetup-thread-allocator-block-size=16777216"
    "memorysetup-gfx-main-allocator-block-size=16777216"
    "memorysetup-gfx-thread-allocator-block-size=16777216"
    "memorysetup-cache-allocator-block-size=4194304"
    "memorysetup-typetree-allocator-block-size=2097152"
    "memorysetup-profiler-bucket-allocator-granularity=16"
    "memorysetup-profiler-bucket-allocator-bucket-count=8"
    "memorysetup-profiler-bucket-allocator-block-size=33554432"
    "memorysetup-profiler-bucket-allocator-block-count=8"
    "memorysetup-profiler-allocator-block-size=16777216"
    "memorysetup-profiler-editor-allocator-block-size=1048576"
    "memorysetup-temp-allocator-size-main=16777216"
    "memorysetup-job-temp-allocator-block-size=2097152"
    "memorysetup-job-temp-allocator-block-size-background=1048576"
    "memorysetup-job-temp-allocator-reduction-small-platforms=262144"
    "memorysetup-temp-allocator-size-background-worker=32768"
    "memorysetup-temp-allocator-size-job-worker=262144"
    "memorysetup-temp-allocator-size-preload-manager=33554432"
    "memorysetup-temp-allocator-size-nav-mesh-worker=65536"
    "memorysetup-temp-allocator-size-audio-worker=65536"
    "memorysetup-temp-allocator-size-cloud-worker=32768"
    "memorysetup-temp-allocator-size-gi-baking-worker=262144"
    "memorysetup-temp-allocator-size-gi-baking-worker=262144"
    "memorysetup-temp-allocator-size-gi-baking-worker=262144"
    "memorysetup-temp-allocator-size-gi-baking-worker=262144"
    "memorysetup-temp-allocator-size-gi-baking-worker=262144"
    "memorysetup-temp-allocator-size-gfx=262144"
Player connection [30060]  Target information:

Player connection [30060]  * "[IP] 192.168.2.42 [Port] 0 [Flags] 2 [Guid] 256156846 [EditorId] 256156846 [Version] 1048832 [Id] WindowsEditor(7,DESKTOP-FMEKK9G) [Debug] 1 [PackageName] WindowsEditor [ProjectName] Editor" 

Player connection [30060] Host joined multi-casting on [225.0.0.222:54997]...
Player connection [30060] Host joined alternative multi-casting on [225.0.0.222:34997]...
JobSystem: Creating JobQueue using job-worker-count value 7
Input System module state changed to: Initialized.
[Physics::Module] Initialized fallback backend.
[Physics::Module] Id: 0xdecafbad
[Licensing::Client] Code 10 while verifying Licensing Client signature (process Id: 5116, path: "C:/Program Files/Unity Hub/UnityLicensingClient_V1/Unity.Licensing.Client.exe")
[Licensing::Module] LicensingClient has failed validation; ignoring
[Licensing::Client] Handshaking with LicensingClient:
  Version:                 1.17.3+a4e98f1
  Session Id:              8ef6ca062b6041aabea9bfb0cfd16ef3
  Correlation Id:          7693c38c7a1e6f4d792b2595ce1773ae
  External correlation Id: 1663258606037062108
  Machine Id:              53KuLvy89TpBDyxw1RCDefG84Vg=
[Licensing::Module] Successfully connected to LicensingClient on channel: "LicenseClient-Owner" (connect: 0.00s, validation: 0.01s, handshake: 0.10s)
[Licensing::IpcConnector] Successfully connected to: "LicenseClient-Owner-notifications" at "2025-10-16T23:09:09.6802943Z"
[Licensing::Module] Licensing Background thread has ended after 0.11s
Library Redirect Path: Library/
[Physics::Module] Selected backend.
[Physics::Module] Name: PhysX
[Physics::Module] Id: 0xf2b8ea05
[Physics::Module] SDK Version: 4.1.2
[Physics::Module] Integration Version: 1.0.0
[Physics::Module] Threading Mode: Multi-Threaded
Refreshing native plugins compatible for Editor in 33.78 ms, found 4 plugins.
Preloading 0 native plugins for Editor in 0.00 ms.
Initialize engine version: 6000.2.6f2 (4a4dcaec6541)
[Subsystems] Discovering subsystems at path C:/Program Files/Unity/Hub/Editor/6000.2.6f2/Editor/Data/Resources/UnitySubsystems
[Subsystems] Discovering subsystems at path C:/Users/Owner/Documents/GitHub/MercenaryWars-Unity/Assets
GfxDevice: creating device client; kGfxThreadingModeNonThreaded
d3d12: failed to query info queue interface (0x80004002).
Direct3D:
    Version:         Direct3D 12 [level 12.1]
    Renderer:        AMD Radeon RX 7700S (ID=0x7480)
    Vendor:          ATI
    VRAM:            8176 MB
    App VRAM Budget: 7360 MB
    Driver:          32.0.21013.1000
Initialize mono
Mono path[0] = 'C:/Program Files/Unity/Hub/Editor/6000.2.6f2/Editor/Data/Managed'
Mono path[1] = 'C:/Program Files/Unity/Hub/Editor/6000.2.6f2/Editor/Data/MonoBleedingEdge/lib/mono/unityjit-win32'
Mono config path = 'C:/Program Files/Unity/Hub/Editor/6000.2.6f2/Editor/Data/MonoBleedingEdge/etc'
Using monoOptions --debugger-agent=transport=dt_socket,embedding=1,server=y,suspend=n,address=127.0.0.1:56600
Begin MonoManager ReloadAssembly
Registering precompiled unity dll's ...
Register platform support module: C:/Program Files/Unity/Hub/Editor/6000.2.6f2/Editor/Data/PlaybackEngines/WebGLSupport/UnityEditor.WebGL.Extensions.dll
Register platform support module: C:/Program Files/Unity/Hub/Editor/6000.2.6f2/Editor/Data/PlaybackEngines/WindowsStandaloneSupport/UnityEditor.WindowsStandalone.Extensions.dll
Registered in 0.006287 seconds.
- Loaded All Assemblies, in  0.737 seconds
Native extension for WindowsStandalone target not found
Native extension for WebGL target not found
Mono: successfully reloaded assembly
- Finished resetting the current domain, in  0.555 seconds
Domain Reload Profiling: 1281ms
	BeginReloadAssembly (224ms)
		ExecutionOrderSort (0ms)
		DisableScriptedObjects (0ms)
		BackupInstance (0ms)
		ReleaseScriptingObjects (0ms)
		CreateAndSetChildDomain (1ms)
	RebuildCommonClasses (59ms)
	RebuildNativeTypeToScriptingClass (22ms)
	initialDomainReloadingComplete (102ms)
	LoadAllAssembliesAndSetupDomain (319ms)
		LoadAssemblies (214ms)
		RebuildTransferFunctionScriptingTraits (0ms)
		AnalyzeDomain (313ms)
			TypeCache.Refresh (310ms)
				TypeCache.ScanAssembly (291ms)
			BuildScriptInfoCaches (0ms)
			ResolveRequiredComponents (1ms)
	FinalizeReload (555ms)
		ReleaseScriptCaches (0ms)
		RebuildScriptCaches (0ms)
		SetupLoadedEditorAssemblies (488ms)
			LogAssemblyErrors (0ms)
			InitializePlatformSupportModulesInManaged (82ms)
			SetLoadedEditorAssemblies (5ms)
			BeforeProcessingInitializeOnLoad (96ms)
			ProcessInitializeOnLoadAttributes (220ms)
			ProcessInitializeOnLoadMethodAttributes (84ms)
			AfterProcessingInitializeOnLoad (0ms)
			EditorAssembliesLoaded (0ms)
		ExecutionOrderSort2 (0ms)
		AwakeInstancesAfterBackupRestoration (0ms)
========================================================================
Worker process is ready to serve import requests
Import Worker Mode flag is 0x00
Begin MonoManager ReloadAssembly
[Licensing::Client] Successfully resolved entitlement details
[Licensing::Module] License group:
  Id: 3574354055920-UnityPersXXXX
  Product: Unity Personal
  Type: Assigned
  Expiration: Unlimited
- Loaded All Assemblies, in  1.145 seconds
Refreshing native plugins compatible for Editor in 3.34 ms, found 4 plugins.
Native extension for WindowsStandalone target not found
Native extension for WebGL target not found
Package Manager log level set to [2]
[Package Manager] Failed to launch server process. Reason: Unity was launched with the -noUpm command-line argument
[Package Manager] Unable to send message (not connected to server process).
[Package Manager] Cannot connect to Unity Package Manager local server
Mono: successfully reloaded assembly
- Finished resetting the current domain, in  0.729 seconds
Domain Reload Profiling: 1862ms
	BeginReloadAssembly (294ms)
		ExecutionOrderSort (0ms)
		DisableScriptedObjects (8ms)
		BackupInstance (0ms)
		ReleaseScriptingObjects (0ms)
		CreateAndSetChildDomain (43ms)
	RebuildCommonClasses (59ms)
	RebuildNativeTypeToScriptingClass (21ms)
	initialDomainReloadingComplete (70ms)
	LoadAllAssembliesAndSetupDomain (688ms)
		LoadAssemblies (613ms)
		RebuildTransferFunctionScriptingTraits (0ms)
		AnalyzeDomain (235ms)
			TypeCache.Refresh (181ms)
				TypeCache.ScanAssembly (167ms)
			BuildScriptInfoCaches (45ms)
			ResolveRequiredComponents (5ms)
	FinalizeReload (729ms)
		ReleaseScriptCaches (0ms)
		RebuildScriptCaches (0ms)
		SetupLoadedEditorAssemblies (626ms)
			LogAssemblyErrors (0ms)
			InitializePlatformSupportModulesInManaged (2ms)
			SetLoadedEditorAssemblies (5ms)
			BeforeProcessingInitializeOnLoad (142ms)
			ProcessInitializeOnLoadAttributes (417ms)
			ProcessInitializeOnLoadMethodAttributes (48ms)
			AfterProcessingInitializeOnLoad (12ms)
			EditorAssembliesLoaded (0ms)
		ExecutionOrderSort2 (0ms)
		AwakeInstancesAfterBackupRestoration (7ms)
Launched and connected shader compiler UnityShaderCompiler.exe after 0.03 seconds
Refreshing native plugins compatible for Editor in 3.46 ms, found 4 plugins.
Preloading 0 native plugins for Editor in 0.00 ms.
Unloading 0 Unused Serialized files (Serialized files now loaded: 0)
Unloading 4926 unused Assets / (1.5 MB). Loaded Objects now: 5433.
Memory consumption went from 92.2 MB to 90.8 MB.
Total: 7.567100 ms (FindLiveObjects: 0.789600 ms CreateObjectMapping: 0.334000 ms MarkObjects: 4.884100 ms  DeleteObjects: 1.558000 ms)

========================================================================
Received Import Request.
  Time since last request: 84112.368198 seconds.
  path: Assets/Sprites/world_tileset.png
  artifactKey: Guid(b36df553e9a20804c863b24ce7754313) Importer(815301076,1909f56bfc062723c751e8b465ee728b)
Start importing Assets/Sprites/world_tileset.png using Guid(b36df553e9a20804c863b24ce7754313) Importer(815301076,1909f56bfc062723c751e8b465ee728b) (PreviewImporter) -> (artifact id: '0d40ac6790e5993b41b28b9fc451d7c4') in 0.4833113 seconds
Number of updated asset objects reloaded before import = 0Number of asset objects unloaded after import = 129

========================================================================
Received Prepare
Begin MonoManager ReloadAssembly
[Licensing::Client] Successfully resolved entitlement details
- Loaded All Assemblies, in  2.197 seconds
Refreshing native plugins compatible for Editor in 6.38 ms, found 4 plugins.
Native extension for WindowsStandalone target not found
Native extension for WebGL target not found
[Package Manager] Failed to launch server process. Reason: Unity was launched with the -noUpm command-line argument
[Package Manager] Unable to send message (not connected to server process).
[Package Manager] Cannot connect to Unity Package Manager local server
Mono: successfully reloaded assembly
- Finished resetting the current domain, in  1.354 seconds
Domain Reload Profiling: 3542ms
	BeginReloadAssembly (754ms)
		ExecutionOrderSort (0ms)
		DisableScriptedObjects (94ms)
		BackupInstance (0ms)
		ReleaseScriptingObjects (1ms)
		CreateAndSetChildDomain (200ms)
	RebuildCommonClasses (72ms)
	RebuildNativeTypeToScriptingClass (23ms)
	initialDomainReloadingComplete (80ms)
	LoadAllAssembliesAndSetupDomain (1258ms)
		LoadAssemblies (1220ms)
		RebuildTransferFunctionScriptingTraits (0ms)
		AnalyzeDomain (324ms)
			TypeCache.Refresh (18ms)
				TypeCache.ScanAssembly (0ms)
			BuildScriptInfoCaches (289ms)
			ResolveRequiredComponents (10ms)
	FinalizeReload (1355ms)
		ReleaseScriptCaches (0ms)
		RebuildScriptCaches (0ms)
		SetupLoadedEditorAssemblies (1103ms)
			LogAssemblyErrors (0ms)
			InitializePlatformSupportModulesInManaged (3ms)
			SetLoadedEditorAssemblies (12ms)
			BeforeProcessingInitializeOnLoad (264ms)
			ProcessInitializeOnLoadAttributes (717ms)
			ProcessInitializeOnLoadMethodAttributes (86ms)
			AfterProcessingInitializeOnLoad (20ms)
			EditorAssembliesLoaded (1ms)
		ExecutionOrderSort2 (0ms)
		AwakeInstancesAfterBackupRestoration (15ms)
Refreshing native plugins compatible for Editor in 3.69 ms, found 4 plugins.
Preloading 0 native plugins for Editor in 0.00 ms.
Unloading 0 Unused Serialized files (Serialized files now loaded: 0)
Unloading 4928 unused Assets / (1.2 MB). Loaded Objects now: 5450.
Memory consumption went from 98.0 MB to 96.8 MB.
Total: 13.453500 ms (FindLiveObjects: 1.177800 ms CreateObjectMapping: 0.848100 ms MarkObjects: 9.572900 ms  DeleteObjects: 1.853300 ms)

Prepare: number of updated asset objects reloaded= 0
========================================================================
Received Import Request.
  Time since last request: 9132.592140 seconds.
  path: Assets/Free Pixel Army/Documentation
  artifactKey: Guid(f17e1cd39a8d7f04b8c850499b954f12) Importer(2089858483,192608db42251d675da83286b1cce702)
Start importing Assets/Free Pixel Army/Documentation using Guid(f17e1cd39a8d7f04b8c850499b954f12) Importer(2089858483,192608db42251d675da83286b1cce702) (ScriptedImporter) -> (artifact id: 'b8fb014b2131c333492820ae66e466db') in 0.2642584 seconds
Number of updated asset objects reloaded before import = 0Number of asset objects unloaded after import = 1

========================================================================
Received Import Request.
  Time since last request: 0.000075 seconds.
  path: Assets/Free Pixel Army/Sprites/Humans/Ordinary/Ordinary.png
  artifactKey: Guid(220d39c4bfd8a5f43897c04e5a02c406) Importer(2089858483,192608db42251d675da83286b1cce702)
Start importing Assets/Free Pixel Army/Sprites/Humans/Ordinary/Ordinary.png using Guid(220d39c4bfd8a5f43897c04e5a02c406) Importer(2089858483,192608db42251d675da83286b1cce702) (ScriptedImporter) -> (artifact id: 'a0a7671aa15e2340ad3292514048b925') in 0.2896453 seconds
Number of updated asset objects reloaded before import = 0Number of asset objects unloaded after import = 3

========================================================================
Received Import Request.
  Time since last request: 0.000034 seconds.
  path: Assets/Free Pixel Army/Sprites/Environments/Trees.png
  artifactKey: Guid(bde9289b3cbcc5347aee97203b2ddf4f) Importer(2089858483,192608db42251d675da83286b1cce702)
Start importing Assets/Free Pixel Army/Sprites/Environments/Trees.png using Guid(bde9289b3cbcc5347aee97203b2ddf4f) Importer(2089858483,192608db42251d675da83286b1cce702) (ScriptedImporter) -> (artifact id: '8d971cdf4ac693b57f0197fb35276c71') in 0.029976 seconds
Number of updated asset objects reloaded before import = 0Number of asset objects unloaded after import = 6

========================================================================
Received Import Request.
  Time since last request: 0.000019 seconds.
  path: Assets/Free Pixel Army/Sprites/Humans/Ordinary/Animation/Idle.anim
  artifactKey: Guid(e7bf5af75e970074398cd42f10e666fa) Importer(2089858483,192608db42251d675da83286b1cce702)
Start importing Assets/Free Pixel Army/Sprites/Humans/Ordinary/Animation/Idle.anim using Guid(e7bf5af75e970074398cd42f10e666fa) Importer(2089858483,192608db42251d675da83286b1cce702) (ScriptedImporter) -> (artifact id: '15feec5641c9b6f6e0e5d4a6800701dd') in 0.0269379 seconds
Number of updated asset objects reloaded before import = 0Number of asset objects unloaded after import = 1

========================================================================
Received Import Request.
  Time since last request: 0.000029 seconds.
  path: Assets/Free Pixel Army/Sprites/Environments/Environments128x128.png
  artifactKey: Guid(1a4caf2dc85c4a542961b8aa2131535a) Importer(2089858483,192608db42251d675da83286b1cce702)
Start importing Assets/Free Pixel Army/Sprites/Environments/Environments128x128.png using Guid(1a4caf2dc85c4a542961b8aa2131535a) Importer(2089858483,192608db42251d675da83286b1cce702) (ScriptedImporter) -> (artifact id: '40446ed160c37b8dd0adb4bf409972da') in 0.101618 seconds
Number of updated asset objects reloaded before import = 0Number of asset objects unloaded after import = 44

========================================================================
Received Import Request.
  Time since last request: 0.000029 seconds.
  path: Assets/Free Pixel Army/Sprites/Environments/BrownHouse_x2.png
  artifactKey: Guid(af4c0bd934c20054ebac80a682f4a28e) Importer(2089858483,192608db42251d675da83286b1cce702)
Start importing Assets/Free Pixel Army/Sprites/Environments/BrownHouse_x2.png using Guid(af4c0bd934c20054ebac80a682f4a28e) Importer(2089858483,192608db42251d675da83286b1cce702) (ScriptedImporter) -> (artifact id: '591ee5920384bfe3581bc547732301b0') in 0.0205803 seconds
Number of updated asset objects reloaded before import = 0Number of asset objects unloaded after import = 3

========================================================================
Received Import Request.
  Time since last request: 0.000026 seconds.
  path: Assets/Free Pixel Army/Sprites/Humans/General/Animation/Bored.anim
  artifactKey: Guid(9c806ab720fa84241a2e1bc2c437a121) Importer(2089858483,192608db42251d675da83286b1cce702)
Start importing Assets/Free Pixel Army/Sprites/Humans/General/Animation/Bored.anim using Guid(9c806ab720fa84241a2e1bc2c437a121) Importer(2089858483,192608db42251d675da83286b1cce702) (ScriptedImporter) -> (artifact id: 'cf33ec0b812828bc7c0f4560cd8c01e4') in 0.0148848 seconds
Number of updated asset objects reloaded before import = 0Number of asset objects unloaded after import = 1

========================================================================
Received Import Request.
  Time since last request: 0.000024 seconds.
  path: Assets/Free Pixel Army/Sprites/Environments/YellowHouse.png
  artifactKey: Guid(2a3aca3106951644181682381bfc858a) Importer(2089858483,192608db42251d675da83286b1cce702)
Start importing Assets/Free Pixel Army/Sprites/Environments/YellowHouse.png using Guid(2a3aca3106951644181682381bfc858a) Importer(2089858483,192608db42251d675da83286b1cce702) (ScriptedImporter) -> (artifact id: '202dfbb6b6f478a54aba40a2edc24364') in 0.0211898 seconds
Number of updated asset objects reloaded before import = 0Number of asset objects unloaded after import = 3

========================================================================
Received Import Request.
  Time since last request: 0.000038 seconds.
  path: Assets/Free Pixel Army/Sprites/Tiles/TileSet128x128.png
  artifactKey: Guid(f89c352719dfe534d97cd12e2f79bb7e) Importer(2089858483,192608db42251d675da83286b1cce702)
Start importing Assets/Free Pixel Army/Sprites/Tiles/TileSet128x128.png using Guid(f89c352719dfe534d97cd12e2f79bb7e) Importer(2089858483,192608db42251d675da83286b1cce702) (ScriptedImporter) -> (artifact id: '950cdf80924fb2f666df60d8b2c73170') in 0.0943263 seconds
Number of updated asset objects reloaded before import = 0Number of asset objects unloaded after import = 42

========================================================================
Received Import Request.
  Time since last request: 0.000023 seconds.
  path: Assets/Free Pixel Army/Scenes/Demo_1.unity
  artifactKey: Guid(6bb98a6e31e688344bfdbfb75d047056) Importer(2089858483,192608db42251d675da83286b1cce702)
Start importing Assets/Free Pixel Army/Scenes/Demo_1.unity using Guid(6bb98a6e31e688344bfdbfb75d047056) Importer(2089858483,192608db42251d675da83286b1cce702) (ScriptedImporter) -> (artifact id: '65c1e4cd37f5171455b19e523c45c5a2') in 0.0114071 seconds
Number of updated asset objects reloaded before import = 0Number of asset objects unloaded after import = 1

========================================================================
Received Import Request.
  Time since last request: 0.000031 seconds.
  path: Assets/Free Pixel Army/Sprites/Humans/Helmet/Animation/Idle.anim
  artifactKey: Guid(bebbad6295459aa418d0b4ffffff0b29) Importer(2089858483,192608db42251d675da83286b1cce702)
Start importing Assets/Free Pixel Army/Sprites/Humans/Helmet/Animation/Idle.anim using Guid(bebbad6295459aa418d0b4ffffff0b29) Importer(2089858483,192608db42251d675da83286b1cce702) (ScriptedImporter) -> (artifact id: 'fc2428d4661cba9f647a4a22b6726b5d') in 0.0137481 seconds
Number of updated asset objects reloaded before import = 0Number of asset objects unloaded after import = 1

========================================================================
Received Import Request.
  Time since last request: 0.000046 seconds.
  path: Assets/Free Pixel Army/Sprites/Humans/Ordinary/Animation
  artifactKey: Guid(d4d509463bab19148a79829b19a473c9) Importer(2089858483,192608db42251d675da83286b1cce702)
Start importing Assets/Free Pixel Army/Sprites/Humans/Ordinary/Animation using Guid(d4d509463bab19148a79829b19a473c9) Importer(2089858483,192608db42251d675da83286b1cce702) (ScriptedImporter) -> (artifact id: 'b6d70030bc03fb54c287db9ef112427d') in 0.0080476 seconds
Number of updated asset objects reloaded before import = 0Number of asset objects unloaded after import = 1

========================================================================
Received Import Request.
  Time since last request: 0.000028 seconds.
  path: Assets/Free Pixel Army/Scenes
  artifactKey: Guid(84d763592c081ff46b2826084550fe42) Importer(2089858483,192608db42251d675da83286b1cce702)
Start importing Assets/Free Pixel Army/Scenes using Guid(84d763592c081ff46b2826084550fe42) Importer(2089858483,192608db42251d675da83286b1cce702) (ScriptedImporter) -> (artifact id: 'e80549589879c464bac95b84712dda37') in 0.0081811 seconds
Number of updated asset objects reloaded before import = 0Number of asset objects unloaded after import = 1

========================================================================
Received Import Request.
  Time since last request: 0.000024 seconds.
  path: Assets/Free Pixel Army/Sprites/Humans/General/Animation/Yawn.anim
  artifactKey: Guid(53d5050cbb61edf41a31e50d1861d737) Importer(2089858483,192608db42251d675da83286b1cce702)
Start importing Assets/Free Pixel Army/Sprites/Humans/General/Animation/Yawn.anim using Guid(53d5050cbb61edf41a31e50d1861d737) Importer(2089858483,192608db42251d675da83286b1cce702) (ScriptedImporter) -> (artifact id: 'd27f75cb389742af58f8e4c4f4f29125') in 0.0109706 seconds
Number of updated asset objects reloaded before import = 0Number of asset objects unloaded after import = 1

========================================================================
Received Import Request.
  Time since last request: 0.000023 seconds.
  path: Assets/Free Pixel Army/Sprites/Humans/Helmet/WalkHelmetAnim.png
  artifactKey: Guid(2f3ad70f19a882142b9f050d699fd4e0) Importer(2089858483,192608db42251d675da83286b1cce702)
Start importing Assets/Free Pixel Army/Sprites/Humans/Helmet/WalkHelmetAnim.png using Guid(2f3ad70f19a882142b9f050d699fd4e0) Importer(2089858483,192608db42251d675da83286b1cce702) (ScriptedImporter) -> (artifact id: '6a3fa74cdb7ce8125638156c25fe0740') in 0.02513 seconds
Number of updated asset objects reloaded before import = 0Number of asset objects unloaded after import = 5

========================================================================
Received Import Request.
  Time since last request: 0.000021 seconds.
  path: Assets/Free Pixel Army/Sprites/Humans/Ordinary/Animation/Bored.anim
  artifactKey: Guid(37e2431f652ecc54c893438973d2540f) Importer(2089858483,192608db42251d675da83286b1cce702)
Start importing Assets/Free Pixel Army/Sprites/Humans/Ordinary/Animation/Bored.anim using Guid(37e2431f652ecc54c893438973d2540f) Importer(2089858483,192608db42251d675da83286b1cce702) (ScriptedImporter) -> (artifact id: '5eb8a945524168d1c39ca134e75030c0') in 0.0126754 seconds
Number of updated asset objects reloaded before import = 0Number of asset objects unloaded after import = 1

========================================================================
Received Import Request.
  Time since last request: 0.000023 seconds.
  path: Assets/Free Pixel Army/Sprites/Humans/Ordinary/Animation/Yawn.anim
  artifactKey: Guid(e6ecb6c85f75d9f44b84cf619c6933e7) Importer(2089858483,192608db42251d675da83286b1cce702)
Start importing Assets/Free Pixel Army/Sprites/Humans/Ordinary/Animation/Yawn.anim using Guid(e6ecb6c85f75d9f44b84cf619c6933e7) Importer(2089858483,192608db42251d675da83286b1cce702) (ScriptedImporter) -> (artifact id: '2010fdd93ff1bc2d550d10dc2e363391') in 0.0110962 seconds
Number of updated asset objects reloaded before import = 0Number of asset objects unloaded after import = 1

========================================================================
Received Import Request.
  Time since last request: 0.000027 seconds.
  path: Assets/Free Pixel Army
  artifactKey: Guid(a398d291b53ba9a49bd9a6f9d222c59d) Importer(2089858483,192608db42251d675da83286b1cce702)
Start importing Assets/Free Pixel Army using Guid(a398d291b53ba9a49bd9a6f9d222c59d) Importer(2089858483,192608db42251d675da83286b1cce702) (ScriptedImporter) -> (artifact id: 'b2bcae07554e3dbe1b80eab4e4ae0b09') in 0.0075878 seconds
Number of updated asset objects reloaded before import = 0Number of asset objects unloaded after import = 1

========================================================================
Received Import Request.
  Time since last request: 0.000028 seconds.
  path: Assets/Free Pixel Army/Prefabs/Ordinary.prefab
  artifactKey: Guid(41c066894f685734a83d6c60ebf2159c) Importer(2089858483,192608db42251d675da83286b1cce702)
Start importing Assets/Free Pixel Army/Prefabs/Ordinary.prefab using Guid(41c066894f685734a83d6c60ebf2159c) Importer(2089858483,192608db42251d675da83286b1cce702) (ScriptedImporter) -> (artifact id: 'f1bf4b2c8ae72254322b413ae08fc95c') in 0.0588977 seconds
Number of updated asset objects reloaded before import = 0Number of asset objects unloaded after import = 22

========================================================================
Received Import Request.
  Time since last request: 0.000031 seconds.
  path: Assets/Free Pixel Army/Sprites/Humans/General/WalkGeneralAnim.png
  artifactKey: Guid(c8916a36d83f4ee43bf659967ba70d05) Importer(2089858483,192608db42251d675da83286b1cce702)
Start importing Assets/Free Pixel Army/Sprites/Humans/General/WalkGeneralAnim.png using Guid(c8916a36d83f4ee43bf659967ba70d05) Importer(2089858483,192608db42251d675da83286b1cce702) (ScriptedImporter) -> (artifact id: 'a1555393836516402bd3edc40ec262fd') in 0.023086 seconds
Number of updated asset objects reloaded before import = 0Number of asset objects unloaded after import = 5

========================================================================
Received Import Request.
  Time since last request: 0.000021 seconds.
  path: Assets/Free Pixel Army/Sprites/Humans/General/YawnGeneralAnim.png
  artifactKey: Guid(693dd52bfe272af469505f6777e3ae17) Importer(2089858483,192608db42251d675da83286b1cce702)
Start importing Assets/Free Pixel Army/Sprites/Humans/General/YawnGeneralAnim.png using Guid(693dd52bfe272af469505f6777e3ae17) Importer(2089858483,192608db42251d675da83286b1cce702) (ScriptedImporter) -> (artifact id: '7fc0ec0e73e418c88d7ed1dfefe1c555') in 0.0255207 seconds
Number of updated asset objects reloaded before import = 0Number of asset objects unloaded after import = 5

========================================================================
Received Import Request.
  Time since last request: 0.000024 seconds.
  path: Assets/Free Pixel Army/Sprites/Environments/Environments256x256.png
  artifactKey: Guid(6aa8d45f947871441bdc84217f943992) Importer(2089858483,192608db42251d675da83286b1cce702)
Start importing Assets/Free Pixel Army/Sprites/Environments/Environments256x256.png using Guid(6aa8d45f947871441bdc84217f943992) Importer(2089858483,192608db42251d675da83286b1cce702) (ScriptedImporter) -> (artifact id: '79c9229d4cc18a64ad5cbf8967d1f2fb') in 0.0848754 seconds
Number of updated asset objects reloaded before import = 0Number of asset objects unloaded after import = 44

========================================================================
Received Import Request.
  Time since last request: 0.000023 seconds.
  path: Assets/Free Pixel Army/Prefabs/General.prefab
  artifactKey: Guid(3f342161fd81307439ae403e7fbe32ae) Importer(2089858483,192608db42251d675da83286b1cce702)
Start importing Assets/Free Pixel Army/Prefabs/General.prefab using Guid(3f342161fd81307439ae403e7fbe32ae) Importer(2089858483,192608db42251d675da83286b1cce702) (ScriptedImporter) -> (artifact id: '85c2d5b2003432580c6b81f1b4738fb9') in 0.0219129 seconds
Number of updated asset objects reloaded before import = 0Number of asset objects unloaded after import = 22

========================================================================
Received Import Request.
  Time since last request: 0.000027 seconds.
  path: Assets/Free Pixel Army/Sprites/Tiles/TileSet256x256.png
  artifactKey: Guid(1eeea13e3295bb14ea9d7ce270bd006c) Importer(2089858483,192608db42251d675da83286b1cce702)
Start importing Assets/Free Pixel Army/Sprites/Tiles/TileSet256x256.png using Guid(1eeea13e3295bb14ea9d7ce270bd006c) Importer(2089858483,192608db42251d675da83286b1cce702) (ScriptedImporter) -> (artifact id: '97cd75c017ad875005d7e85ddf62d580') in 0.0716902 seconds
Number of updated asset objects reloaded before import = 0Number of asset objects unloaded after import = 42

========================================================================
Received Import Request.
  Time since last request: 0.000029 seconds.
  path: Assets/Free Pixel Army/Scripts/BoredButton.cs
  artifactKey: Guid(3d66b5834c8629c4ca9d26c299ce9eba) Importer(2089858483,192608db42251d675da83286b1cce702)
Start importing Assets/Free Pixel Army/Scripts/BoredButton.cs using Guid(3d66b5834c8629c4ca9d26c299ce9eba) Importer(2089858483,192608db42251d675da83286b1cce702) (ScriptedImporter) -> (artifact id: '6d7280b3603e9a03d43f1e011d14bd4f') in 0.0095153 seconds
Number of updated asset objects reloaded before import = 0Number of asset objects unloaded after import = 0

========================================================================
Received Import Request.
  Time since last request: 0.000060 seconds.
  path: Assets/Free Pixel Army/Sprites/Humans/Ordinary/WalkOrdinaryAnim.png
  artifactKey: Guid(0e33f7c8d367c3a4ea02ef59b6ee14dc) Importer(2089858483,192608db42251d675da83286b1cce702)
Start importing Assets/Free Pixel Army/Sprites/Humans/Ordinary/WalkOrdinaryAnim.png using Guid(0e33f7c8d367c3a4ea02ef59b6ee14dc) Importer(2089858483,192608db42251d675da83286b1cce702) (ScriptedImporter) -> (artifact id: '0c830b86487ea2b6c742dde525a0c921') in 0.0230066 seconds
Number of updated asset objects reloaded before import = 0Number of asset objects unloaded after import = 5

========================================================================
Received Import Request.
  Time since last request: 0.000028 seconds.
  path: Assets/Free Pixel Army/Sprites/Humans/Helmet
  artifactKey: Guid(4f25264ea0d996a4da11e665121533bd) Importer(2089858483,192608db42251d675da83286b1cce702)
Start importing Assets/Free Pixel Army/Sprites/Humans/Helmet using Guid(4f25264ea0d996a4da11e665121533bd) Importer(2089858483,192608db42251d675da83286b1cce702) (ScriptedImporter) -> (artifact id: 'f7ea392580cff1f1bb0e9452f1990894') in 0.0080059 seconds
Number of updated asset objects reloaded before import = 0Number of asset objects unloaded after import = 1

========================================================================
Received Import Request.
  Time since last request: 0.000027 seconds.
  path: Assets/Free Pixel Army/Sprites/Humans/Helmet/Animation
  artifactKey: Guid(0aabcf3745ccc9145bdb1039f31d5e26) Importer(2089858483,192608db42251d675da83286b1cce702)
Start importing Assets/Free Pixel Army/Sprites/Humans/Helmet/Animation using Guid(0aabcf3745ccc9145bdb1039f31d5e26) Importer(2089858483,192608db42251d675da83286b1cce702) (ScriptedImporter) -> (artifact id: '9440402aaae21c6eb8355d1c057add3d') in 0.0084954 seconds
Number of updated asset objects reloaded before import = 0Number of asset objects unloaded after import = 1

========================================================================
Received Import Request.
  Time since last request: 0.000022 seconds.
  path: Assets/Free Pixel Army/Scripts/IdleButton.cs
  artifactKey: Guid(1e949e25ca5769f438dda65ca18c997e) Importer(2089858483,192608db42251d675da83286b1cce702)
Start importing Assets/Free Pixel Army/Scripts/IdleButton.cs using Guid(1e949e25ca5769f438dda65ca18c997e) Importer(2089858483,192608db42251d675da83286b1cce702) (ScriptedImporter) -> (artifact id: 'b51bb4ca66c6cd2272668f699f700887') in 0.0102649 seconds
Number of updated asset objects reloaded before import = 0Number of asset objects unloaded after import = 0

========================================================================
Received Import Request.
  Time since last request: 0.000022 seconds.
  path: Assets/Free Pixel Army/Sprites/Humans/Ordinary/BoredOrdinaryAnim.png
  artifactKey: Guid(6f9441bd93ab896438a93542cea44fb6) Importer(2089858483,192608db42251d675da83286b1cce702)
Start importing Assets/Free Pixel Army/Sprites/Humans/Ordinary/BoredOrdinaryAnim.png using Guid(6f9441bd93ab896438a93542cea44fb6) Importer(2089858483,192608db42251d675da83286b1cce702) (ScriptedImporter) -> (artifact id: 'def5c48f1e4c0a98857dded1a8106e6c') in 0.0320261 seconds
Number of updated asset objects reloaded before import = 0Number of asset objects unloaded after import = 7

========================================================================
Received Import Request.
  Time since last request: 0.000032 seconds.
  path: Assets/Free Pixel Army/Sprites/Humans/General/Animation/Idle.anim
  artifactKey: Guid(3be421e44b6ce3648a412d235b1b8981) Importer(2089858483,192608db42251d675da83286b1cce702)
Start importing Assets/Free Pixel Army/Sprites/Humans/General/Animation/Idle.anim using Guid(3be421e44b6ce3648a412d235b1b8981) Importer(2089858483,192608db42251d675da83286b1cce702) (ScriptedImporter) -> (artifact id: '4d237136f5210f1aa2b4c46b5bbfc253') in 0.01373 seconds
Number of updated asset objects reloaded before import = 0Number of asset objects unloaded after import = 1

========================================================================
Received Import Request.
  Time since last request: 0.000055 seconds.
  path: Assets/Free Pixel Army/Scripts
  artifactKey: Guid(d9d5e6ade797dea44946fc84138818a5) Importer(2089858483,192608db42251d675da83286b1cce702)
Start importing Assets/Free Pixel Army/Scripts using Guid(d9d5e6ade797dea44946fc84138818a5) Importer(2089858483,192608db42251d675da83286b1cce702) (ScriptedImporter) -> (artifact id: '1c7427e79939a5d2f602c2d5de6d97eb') in 0.0081982 seconds
Number of updated asset objects reloaded before import = 0Number of asset objects unloaded after import = 1

========================================================================
Received Import Request.
  Time since last request: 0.000038 seconds.
  path: Assets/Free Pixel Army/Scripts/WalkButton.cs
  artifactKey: Guid(a9f711f3e60ae1a4399a90fb30739218) Importer(2089858483,192608db42251d675da83286b1cce702)
Start importing Assets/Free Pixel Army/Scripts/WalkButton.cs using Guid(a9f711f3e60ae1a4399a90fb30739218) Importer(2089858483,192608db42251d675da83286b1cce702) (ScriptedImporter) -> (artifact id: '6e6ff070589ef40b986f8aaa17b84f45') in 0.0085167 seconds
Number of updated asset objects reloaded before import = 0Number of asset objects unloaded after import = 0

========================================================================
Received Import Request.
  Time since last request: 1.407091 seconds.
  path: Assets/Scenes/Level_One.unity
  artifactKey: Guid(2cda990e2423bbf4892e6590ba056729) Importer(815301076,1909f56bfc062723c751e8b465ee728b)
Start importing Assets/Scenes/Level_One.unity using Guid(2cda990e2423bbf4892e6590ba056729) Importer(815301076,1909f56bfc062723c751e8b465ee728b) (PreviewImporter) -> (artifact id: '340d9a17d7cb8cdef0b6c15d8a832842') in 0.0013358 seconds
Number of updated asset objects reloaded before import = 0Number of asset objects unloaded after import = 0

========================================================================
Received Import Request.
  Time since last request: 0.815910 seconds.
  path: Assets/Scenes/Level_One.unity
  artifactKey: Guid(2cda990e2423bbf4892e6590ba056729) Importer(2089858483,192608db42251d675da83286b1cce702)
Start importing Assets/Scenes/Level_One.unity using Guid(2cda990e2423bbf4892e6590ba056729) Importer(2089858483,192608db42251d675da83286b1cce702) (ScriptedImporter) -> (artifact id: '34f1bb56c97984c1472217682cb64f8f') in 0.0082484 seconds
Number of updated asset objects reloaded before import = 0Number of asset objects unloaded after import = 1

========================================================================
Received Prepare
Refreshing native plugins compatible for Editor in 2.76 ms, found 4 plugins.
Preloading 0 native plugins for Editor in 0.00 ms.
Unloading 0 Unused Serialized files (Serialized files now loaded: 0)
Unloading 4918 unused Assets / (2.2 MB). Loaded Objects now: 5451.
Memory consumption went from 98.5 MB to 96.3 MB.
Total: 20.332400 ms (FindLiveObjects: 0.623800 ms CreateObjectMapping: 0.539000 ms MarkObjects: 16.878600 ms  DeleteObjects: 2.289900 ms)

Prepare: number of updated asset objects reloaded= 0
========================================================================
Received Import Request.
  Time since last request: 10.702841 seconds.
  path: Assets/Scenes/NewEmptyCSharpScript.cs
  artifactKey: Guid(6c0629cf2ca726245869edf456bd8028) Importer(815301076,1909f56bfc062723c751e8b465ee728b)
Start importing Assets/Scenes/NewEmptyCSharpScript.cs using Guid(6c0629cf2ca726245869edf456bd8028) Importer(815301076,1909f56bfc062723c751e8b465ee728b) (PreviewImporter) -> (artifact id: '45bd4f57385240e1ad6acc3702cb1637') in 0.0007989 seconds
Number of updated asset objects reloaded before import = 0Number of asset objects unloaded after import = 0

========================================================================
Received Import Request.
  Time since last request: 0.708022 seconds.
  path: Assets/Scenes/NewEmptyCSharpScript.cs
  artifactKey: Guid(6c0629cf2ca726245869edf456bd8028) Importer(2089858483,192608db42251d675da83286b1cce702)
Start importing Assets/Scenes/NewEmptyCSharpScript.cs using Guid(6c0629cf2ca726245869edf456bd8028) Importer(2089858483,192608db42251d675da83286b1cce702) (ScriptedImporter) -> (artifact id: '6e0a461744ddbd361eb82b8d22a98923') in 0.0081274 seconds
Number of updated asset objects reloaded before import = 0Number of asset objects unloaded after import = 0

========================================================================
Received Prepare
Refreshing native plugins compatible for Editor in 2.60 ms, found 4 plugins.
Preloading 0 native plugins for Editor in 0.00 ms.
Unloading 0 Unused Serialized files (Serialized files now loaded: 0)
Unloading 4917 unused Assets / (1.5 MB). Loaded Objects now: 5450.
Memory consumption went from 98.5 MB to 97.0 MB.
Total: 11.230900 ms (FindLiveObjects: 0.565900 ms CreateObjectMapping: 0.752000 ms MarkObjects: 7.233300 ms  DeleteObjects: 2.678200 ms)

Prepare: number of updated asset objects reloaded= 0
========================================================================
Received Prepare
Begin MonoManager ReloadAssembly
[Licensing::Client] Successfully resolved entitlement details
- Loaded All Assemblies, in  1.489 seconds
Refreshing native plugins compatible for Editor in 3.86 ms, found 4 plugins.
Native extension for WindowsStandalone target not found
Native extension for WebGL target not found
[Package Manager] Failed to launch server process. Reason: Unity was launched with the -noUpm command-line argument
[Package Manager] Unable to send message (not connected to server process).
[Package Manager] Cannot connect to Unity Package Manager local server
Mono: successfully reloaded assembly
- Finished resetting the current domain, in  0.868 seconds
Domain Reload Profiling: 2349ms
	BeginReloadAssembly (470ms)
		ExecutionOrderSort (0ms)
		DisableScriptedObjects (29ms)
		BackupInstance (0ms)
		ReleaseScriptingObjects (0ms)
		CreateAndSetChildDomain (145ms)
	RebuildCommonClasses (61ms)
	RebuildNativeTypeToScriptingClass (18ms)
	initialDomainReloadingComplete (56ms)
	LoadAllAssembliesAndSetupDomain (876ms)
		LoadAssemblies (842ms)
		RebuildTransferFunctionScriptingTraits (0ms)
		AnalyzeDomain (235ms)
			TypeCache.Refresh (11ms)
				TypeCache.ScanAssembly (0ms)
			BuildScriptInfoCaches (208ms)
			ResolveRequiredComponents (8ms)
	FinalizeReload (869ms)
		ReleaseScriptCaches (0ms)
		RebuildScriptCaches (0ms)
		SetupLoadedEditorAssemblies (697ms)
			LogAssemblyErrors (0ms)
			InitializePlatformSupportModulesInManaged (4ms)
			SetLoadedEditorAssemblies (7ms)
			BeforeProcessingInitializeOnLoad (183ms)
			ProcessInitializeOnLoadAttributes (435ms)
			ProcessInitializeOnLoadMethodAttributes (53ms)
			AfterProcessingInitializeOnLoad (15ms)
			EditorAssembliesLoaded (0ms)
		ExecutionOrderSort2 (0ms)
		AwakeInstancesAfterBackupRestoration (10ms)
Refreshing native plugins compatible for Editor in 3.78 ms, found 4 plugins.
Preloading 0 native plugins for Editor in 0.00 ms.
Unloading 0 Unused Serialized files (Serialized files now loaded: 0)
Unloading 4928 unused Assets / (1.5 MB). Loaded Objects now: 5453.
Memory consumption went from 98.8 MB to 97.2 MB.
Total: 11.350900 ms (FindLiveObjects: 0.741900 ms CreateObjectMapping: 1.262000 ms MarkObjects: 7.297800 ms  DeleteObjects: 2.047600 ms)

Prepare: number of updated asset objects reloaded= 0
========================================================================
Received Import Request.
  Time since last request: 1447.091722 seconds.
  path: Assets/Free Pixel Army/Scenes
  artifactKey: Guid(84d763592c081ff46b2826084550fe42) Importer(815301076,1909f56bfc062723c751e8b465ee728b)
Start importing Assets/Free Pixel Army/Scenes using Guid(84d763592c081ff46b2826084550fe42) Importer(815301076,1909f56bfc062723c751e8b465ee728b) (PreviewImporter) -> (artifact id: '14a90ceea87f10ec99a14e6a9625b303') in 0.0219377 seconds
Number of updated asset objects reloaded before import = 0Number of asset objects unloaded after import = 0

========================================================================
Received Import Request.
  Time since last request: 4.957896 seconds.
  path: Assets/Free Pixel Army/Documentation
  artifactKey: Guid(f17e1cd39a8d7f04b8c850499b954f12) Importer(815301076,1909f56bfc062723c751e8b465ee728b)
Start importing Assets/Free Pixel Army/Documentation using Guid(f17e1cd39a8d7f04b8c850499b954f12) Importer(815301076,1909f56bfc062723c751e8b465ee728b) (PreviewImporter) -> (artifact id: 'b06b49a8a35ed89698747023d25c7b9c') in 0.0035549 seconds
Number of updated asset objects reloaded before import = 0Number of asset objects unloaded after import = 0

========================================================================
Received Prepare
Refreshing native plugins compatible for Editor in 3.20 ms, found 4 plugins.
Preloading 0 native plugins for Editor in 0.00 ms.
Unloading 0 Unused Serialized files (Serialized files now loaded: 0)
Unloading 4913 unused Assets / (1.6 MB). Loaded Objects now: 5449.
Memory consumption went from 98.3 MB to 96.6 MB.
Total: 30.356600 ms (FindLiveObjects: 0.712000 ms CreateObjectMapping: 0.694000 ms MarkObjects: 26.806800 ms  DeleteObjects: 2.142100 ms)

Prepare: number of updated asset objects reloaded= 0
========================================================================
Received Prepare
Begin MonoManager ReloadAssembly
[Licensing::Client] Successfully resolved entitlement details
- Loaded All Assemblies, in  0.979 seconds
Refreshing native plugins compatible for Editor in 2.37 ms, found 4 plugins.
Native extension for WindowsStandalone target not found
Native extension for WebGL target not found
[Package Manager] Failed to launch server process. Reason: Unity was launched with the -noUpm command-line argument
[Package Manager] Unable to send message (not connected to server process).
[Package Manager] Cannot connect to Unity Package Manager local server
Mono: successfully reloaded assembly
- Finished resetting the current domain, in  0.587 seconds
Domain Reload Profiling: 1561ms
	BeginReloadAssembly (356ms)
		ExecutionOrderSort (0ms)
		DisableScriptedObjects (31ms)
		BackupInstance (0ms)
		ReleaseScriptingObjects (0ms)
		CreateAndSetChildDomain (92ms)
	RebuildCommonClasses (36ms)
	RebuildNativeTypeToScriptingClass (12ms)
	initialDomainReloadingComplete (46ms)
	LoadAllAssembliesAndSetupDomain (524ms)
		LoadAssemblies (505ms)
		RebuildTransferFunctionScriptingTraits (0ms)
		AnalyzeDomain (161ms)
			TypeCache.Refresh (11ms)
				TypeCache.ScanAssembly (0ms)
			BuildScriptInfoCaches (141ms)
			ResolveRequiredComponents (5ms)
	FinalizeReload (587ms)
		ReleaseScriptCaches (0ms)
		RebuildScriptCaches (0ms)
		SetupLoadedEditorAssemblies (472ms)
			LogAssemblyErrors (0ms)
			InitializePlatformSupportModulesInManaged (2ms)
			SetLoadedEditorAssemblies (4ms)
			BeforeProcessingInitializeOnLoad (122ms)
			ProcessInitializeOnLoadAttributes (300ms)
			ProcessInitializeOnLoadMethodAttributes (34ms)
			AfterProcessingInitializeOnLoad (9ms)
			EditorAssembliesLoaded (0ms)
		ExecutionOrderSort2 (0ms)
		AwakeInstancesAfterBackupRestoration (7ms)
Refreshing native plugins compatible for Editor in 2.60 ms, found 4 plugins.
Preloading 0 native plugins for Editor in 0.00 ms.
Unloading 0 Unused Serialized files (Serialized files now loaded: 0)
Unloading 4924 unused Assets / (1.5 MB). Loaded Objects now: 5452.
Memory consumption went from 98.8 MB to 97.3 MB.
Total: 7.760300 ms (FindLiveObjects: 0.518100 ms CreateObjectMapping: 0.669600 ms MarkObjects: 4.799500 ms  DeleteObjects: 1.771500 ms)

Prepare: number of updated asset objects reloaded= 0
========================================================================
Received Import Request.
  Time since last request: 27.443846 seconds.
  path: Assets/Free Pixel Army/Sprites/Environments
  artifactKey: Guid(a24f335ff16792d4287c372137b33524) Importer(815301076,1909f56bfc062723c751e8b465ee728b)
Start importing Assets/Free Pixel Army/Sprites/Environments using Guid(a24f335ff16792d4287c372137b33524) Importer(815301076,1909f56bfc062723c751e8b465ee728b) (PreviewImporter) -> (artifact id: 'd0d71a6aaf9b69349bf308818a4e7085') in 0.0019192 seconds
Number of updated asset objects reloaded before import = 0Number of asset objects unloaded after import = 0

========================================================================
Received Import Request.
  Time since last request: 0.781284 seconds.
  path: Assets/Free Pixel Army/Sprites/Humans
  artifactKey: Guid(5bb451ee29fd622488b06e413f498763) Importer(815301076,1909f56bfc062723c751e8b465ee728b)
Start importing Assets/Free Pixel Army/Sprites/Humans using Guid(5bb451ee29fd622488b06e413f498763) Importer(815301076,1909f56bfc062723c751e8b465ee728b) (PreviewImporter) -> (artifact id: '653dc392e93cc5ea91387f143525cd74') in 0.0007645 seconds
Number of updated asset objects reloaded before import = 0Number of asset objects unloaded after import = 0

========================================================================
Received Import Request.
  Time since last request: 0.863143 seconds.
  path: Assets/Free Pixel Army/Sprites/Humans/General
  artifactKey: Guid(31f5e111761f9d2438a3f35688680e66) Importer(815301076,1909f56bfc062723c751e8b465ee728b)
Start importing Assets/Free Pixel Army/Sprites/Humans/General using Guid(31f5e111761f9d2438a3f35688680e66) Importer(815301076,1909f56bfc062723c751e8b465ee728b) (PreviewImporter) -> (artifact id: '3aebbf22cc88673460c2bc7ac65c127b') in 0.0007656 seconds
Number of updated asset objects reloaded before import = 0Number of asset objects unloaded after import = 0

========================================================================
Received Import Request.
  Time since last request: 5.850737 seconds.
  path: Assets/Free Pixel Army/Sprites/Humans/Helmet/Animation/Helmet.controller
  artifactKey: Guid(c0a69f4e429e90642a40d6f691786578) Importer(815301076,1909f56bfc062723c751e8b465ee728b)
Start importing Assets/Free Pixel Army/Sprites/Humans/Helmet/Animation/Helmet.controller using Guid(c0a69f4e429e90642a40d6f691786578) Importer(815301076,1909f56bfc062723c751e8b465ee728b) (PreviewImporter) -> (artifact id: 'bfddd419a0ce1588660a38ab258fd1c3') in 0.0196689 seconds
Number of updated asset objects reloaded before import = 0Number of asset objects unloaded after import = 14

========================================================================
Received Import Request.
  Time since last request: 0.703479 seconds.
  path: Assets/Free Pixel Army/Sprites/Humans/Helmet/Animation/Bored.anim
  artifactKey: Guid(68d090c4d9ee34342a581b9682cea64b) Importer(815301076,1909f56bfc062723c751e8b465ee728b)
Start importing Assets/Free Pixel Army/Sprites/Humans/Helmet/Animation/Bored.anim using Guid(68d090c4d9ee34342a581b9682cea64b) Importer(815301076,1909f56bfc062723c751e8b465ee728b) (PreviewImporter) -> (artifact id: '9166c297ed48a70e9e3e37f38744cf26') in 0.0026371 seconds
Number of updated asset objects reloaded before import = 0Number of asset objects unloaded after import = 1

========================================================================
Received Import Request.
  Time since last request: 14.189234 seconds.
  path: Assets/Free Pixel Army/Sprites/Humans/Ordinary
  artifactKey: Guid(5218d270b3ce7094296f0fb684c6684a) Importer(815301076,1909f56bfc062723c751e8b465ee728b)
Start importing Assets/Free Pixel Army/Sprites/Humans/Ordinary using Guid(5218d270b3ce7094296f0fb684c6684a) Importer(815301076,1909f56bfc062723c751e8b465ee728b) (PreviewImporter) -> (artifact id: 'c34e51ed27356975123b9a288798ad82') in 0.0007688 seconds
Number of updated asset objects reloaded before import = 0Number of asset objects unloaded after import = 0

========================================================================
Received Import Request.
  Time since last request: 0.954175 seconds.
  path: Assets/Free Pixel Army/Sprites/Humans/Ordinary/BoredOrdinaryAnim.png
  artifactKey: Guid(6f9441bd93ab896438a93542cea44fb6) Importer(815301076,1909f56bfc062723c751e8b465ee728b)
Start importing Assets/Free Pixel Army/Sprites/Humans/Ordinary/BoredOrdinaryAnim.png using Guid(6f9441bd93ab896438a93542cea44fb6) Importer(815301076,1909f56bfc062723c751e8b465ee728b) (PreviewImporter) -> (artifact id: 'b984f6973bb08122724e0c943e5fe298') in 0.0745096 seconds
Number of updated asset objects reloaded before import = 0Number of asset objects unloaded after import = 7

========================================================================
Received Import Request.
  Time since last request: 0.334026 seconds.
  path: Assets/Free Pixel Army/Sprites/Humans/Ordinary/Ordinary.png
  artifactKey: Guid(220d39c4bfd8a5f43897c04e5a02c406) Importer(815301076,1909f56bfc062723c751e8b465ee728b)
Start importing Assets/Free Pixel Army/Sprites/Humans/Ordinary/Ordinary.png using Guid(220d39c4bfd8a5f43897c04e5a02c406) Importer(815301076,1909f56bfc062723c751e8b465ee728b) (PreviewImporter) -> (artifact id: '15fa27cdc909152e4ccbcf3115cbd832') in 0.0129391 seconds
Number of updated asset objects reloaded before import = 0Number of asset objects unloaded after import = 3

========================================================================
Received Import Request.
  Time since last request: 0.415478 seconds.
  path: Assets/Free Pixel Army/Sprites/Humans/Ordinary/YawnOrdinaryAnim.png
  artifactKey: Guid(69c23997859b46f4a8c3fafbb015fa89) Importer(815301076,1909f56bfc062723c751e8b465ee728b)
Start importing Assets/Free Pixel Army/Sprites/Humans/Ordinary/YawnOrdinaryAnim.png using Guid(69c23997859b46f4a8c3fafbb015fa89) Importer(815301076,1909f56bfc062723c751e8b465ee728b) (PreviewImporter) -> (artifact id: '5d5782870944d5d568e5ab7aefb2cc52') in 0.0174361 seconds
Number of updated asset objects reloaded before import = 0Number of asset objects unloaded after import = 5

========================================================================
Received Import Request.
  Time since last request: 4.539296 seconds.
  path: Assets/Free Pixel Army/Sprites/Humans/Ordinary/WalkOrdinaryAnim.png
  artifactKey: Guid(0e33f7c8d367c3a4ea02ef59b6ee14dc) Importer(815301076,1909f56bfc062723c751e8b465ee728b)
Start importing Assets/Free Pixel Army/Sprites/Humans/Ordinary/WalkOrdinaryAnim.png using Guid(0e33f7c8d367c3a4ea02ef59b6ee14dc) Importer(815301076,1909f56bfc062723c751e8b465ee728b) (PreviewImporter) -> (artifact id: 'e4f0d5e39a197a39460ae5094aa1a0c5') in 0.0162932 seconds
Number of updated asset objects reloaded before import = 0Number of asset objects unloaded after import = 5

========================================================================
Received Import Request.
  Time since last request: 3.743051 seconds.
  path: Assets/Free Pixel Army/Sprites/Humans/Ordinary/Animation
  artifactKey: Guid(d4d509463bab19148a79829b19a473c9) Importer(815301076,1909f56bfc062723c751e8b465ee728b)
Start importing Assets/Free Pixel Army/Sprites/Humans/Ordinary/Animation using Guid(d4d509463bab19148a79829b19a473c9) Importer(815301076,1909f56bfc062723c751e8b465ee728b) (PreviewImporter) -> (artifact id: '85b8fccbf7bddeca81f3fc1e2d5f2cb0') in 0.0006509 seconds
Number of updated asset objects reloaded before import = 0Number of asset objects unloaded after import = 0

========================================================================
Received Import Request.
  Time since last request: 1.774658 seconds.
  path: Assets/Free Pixel Army/Sprites/Humans/Ordinary/Animation/Idle.anim
  artifactKey: Guid(e7bf5af75e970074398cd42f10e666fa) Importer(815301076,1909f56bfc062723c751e8b465ee728b)
Start importing Assets/Free Pixel Army/Sprites/Humans/Ordinary/Animation/Idle.anim using Guid(e7bf5af75e970074398cd42f10e666fa) Importer(815301076,1909f56bfc062723c751e8b465ee728b) (PreviewImporter) -> (artifact id: '1ac97b3bcae26a3b213084b0a0b1ae98') in 0.0014438 seconds
Number of updated asset objects reloaded before import = 0Number of asset objects unloaded after import = 1

========================================================================
Received Import Request.
  Time since last request: 0.802936 seconds.
  path: Assets/Free Pixel Army/Sprites/Humans/Ordinary/Animation/Bored.anim
  artifactKey: Guid(37e2431f652ecc54c893438973d2540f) Importer(815301076,1909f56bfc062723c751e8b465ee728b)
Start importing Assets/Free Pixel Army/Sprites/Humans/Ordinary/Animation/Bored.anim using Guid(37e2431f652ecc54c893438973d2540f) Importer(815301076,1909f56bfc062723c751e8b465ee728b) (PreviewImporter) -> (artifact id: 'a0f72fc9d2116c8304cad9bbdc927d60') in 0.0012416 seconds
Number of updated asset objects reloaded before import = 0Number of asset objects unloaded after import = 1

========================================================================
Received Import Request.
  Time since last request: 0.639197 seconds.
  path: Assets/Free Pixel Army/Sprites/Humans/Ordinary/Animation/Ordinary.controller
  artifactKey: Guid(fa951a397bc555041b49b0b4d996b450) Importer(815301076,1909f56bfc062723c751e8b465ee728b)
Start importing Assets/Free Pixel Army/Sprites/Humans/Ordinary/Animation/Ordinary.controller using Guid(fa951a397bc555041b49b0b4d996b450) Importer(815301076,1909f56bfc062723c751e8b465ee728b) (PreviewImporter) -> (artifact id: 'dfc2d80a88a366ab5f2d4c6531fdc1cb') in 0.0027693 seconds
Number of updated asset objects reloaded before import = 0Number of asset objects unloaded after import = 14

========================================================================
Received Import Request.
  Time since last request: 0.512648 seconds.
  path: Assets/Free Pixel Army/Sprites/Humans/Ordinary/Animation/Walk.anim
  artifactKey: Guid(b8649f9da00327446b66894b7ed6f8c9) Importer(815301076,1909f56bfc062723c751e8b465ee728b)
Start importing Assets/Free Pixel Army/Sprites/Humans/Ordinary/Animation/Walk.anim using Guid(b8649f9da00327446b66894b7ed6f8c9) Importer(815301076,1909f56bfc062723c751e8b465ee728b) (PreviewImporter) -> (artifact id: '4991812d536584917fe7e8d58b81c958') in 0.0015126 seconds
Number of updated asset objects reloaded before import = 0Number of asset objects unloaded after import = 1

========================================================================
Received Import Request.
  Time since last request: 11.541521 seconds.
  path: Assets/Free Pixel Army/Sprites/Weapons/Weapons.png
  artifactKey: Guid(2edfd0eb34e1fa349824f67025b135d3) Importer(815301076,1909f56bfc062723c751e8b465ee728b)
Start importing Assets/Free Pixel Army/Sprites/Weapons/Weapons.png using Guid(2edfd0eb34e1fa349824f67025b135d3) Importer(815301076,1909f56bfc062723c751e8b465ee728b) (PreviewImporter) -> (artifact id: 'd28398be00de3c2722a89ea81de73700') in 0.0253772 seconds
Number of updated asset objects reloaded before import = 0Number of asset objects unloaded after import = 6

========================================================================
Received Import Request.
  Time since last request: 1104.879690 seconds.
  path: Assets/Sprites/UI
  artifactKey: Guid(5bebda26e5db19d46a77d99ae78eee24) Importer(815301076,1909f56bfc062723c751e8b465ee728b)
Start importing Assets/Sprites/UI using Guid(5bebda26e5db19d46a77d99ae78eee24) Importer(815301076,1909f56bfc062723c751e8b465ee728b) (PreviewImporter) -> (artifact id: '6334ac3cc7b838914953f136a0779ab2') in 0.0146305 seconds
Number of updated asset objects reloaded before import = 0Number of asset objects unloaded after import = 0

========================================================================
Received Import Request.
  Time since last request: 6.340413 seconds.
  path: Assets/Sprites/Soldier.png
  artifactKey: Guid(23e4d91d37093a24ea59d1a4c3c1576c) Importer(815301076,1909f56bfc062723c751e8b465ee728b)
Start importing Assets/Sprites/Soldier.png using Guid(23e4d91d37093a24ea59d1a4c3c1576c) Importer(815301076,1909f56bfc062723c751e8b465ee728b) (PreviewImporter) -> (artifact id: 'ceedec7b43805532c6adb49b198e9f4a') in 0.0800189 seconds
Number of updated asset objects reloaded before import = 0Number of asset objects unloaded after import = 3

========================================================================
Received Import Request.
  Time since last request: 46.051189 seconds.
  path: Assets/Sprites/world_tileset_0.asset
  artifactKey: Guid(6a4cefca10a217045b6fd558cccf7315) Importer(815301076,1909f56bfc062723c751e8b465ee728b)
Start importing Assets/Sprites/world_tileset_0.asset using Guid(6a4cefca10a217045b6fd558cccf7315) Importer(815301076,1909f56bfc062723c751e8b465ee728b) (PreviewImporter) -> (artifact id: '6cbf10010dcee2afc1cfe8527bcf5c26') in 0.0340088 seconds
Number of updated asset objects reloaded before import = 0Number of asset objects unloaded after import = 3

========================================================================
Received Import Request.
  Time since last request: 788.678799 seconds.
  path: Assets/Sprites/Soldier_Sheet.png
  artifactKey: Guid(b450ea8c21d163c408c2644deee2c2c4) Importer(2089858483,192608db42251d675da83286b1cce702)
Start importing Assets/Sprites/Soldier_Sheet.png using Guid(b450ea8c21d163c408c2644deee2c2c4) Importer(2089858483,192608db42251d675da83286b1cce702) (ScriptedImporter) -> (artifact id: 'b6685dc341cd706c45b384e8504a5fe5') in 0.4785368 seconds
Number of updated asset objects reloaded before import = 0Number of asset objects unloaded after import = 63

========================================================================
Received Import Request.
  Time since last request: 1.054449 seconds.
  path: Assets/Sprites/Soldier_Sheet.png
  artifactKey: Guid(b450ea8c21d163c408c2644deee2c2c4) Importer(815301076,1909f56bfc062723c751e8b465ee728b)
Start importing Assets/Sprites/Soldier_Sheet.png using Guid(b450ea8c21d163c408c2644deee2c2c4) Importer(815301076,1909f56bfc062723c751e8b465ee728b) (PreviewImporter) -> (artifact id: '411001088d426750097b72f82555f856') in 0.3705234 seconds
Number of updated asset objects reloaded before import = 0Number of asset objects unloaded after import = 63

========================================================================
Received Import Request.
  Time since last request: 81.212228 seconds.
  path: Assets/Sprites/Soldier_Sheet.png
  artifactKey: Guid(b450ea8c21d163c408c2644deee2c2c4) Importer(815301076,1909f56bfc062723c751e8b465ee728b)
Start importing Assets/Sprites/Soldier_Sheet.png using Guid(b450ea8c21d163c408c2644deee2c2c4) Importer(815301076,1909f56bfc062723c751e8b465ee728b) (PreviewImporter) -> (artifact id: '81a49b55310975e811b85008b9486aa6') in 0.2322987 seconds
Number of updated asset objects reloaded before import = 0Number of asset objects unloaded after import = 63

========================================================================
Received Import Request.
  Time since last request: 163.772275 seconds.
  path: Assets/Scenes/Level_One.unity
  artifactKey: Guid(2cda990e2423bbf4892e6590ba056729) Importer(2089858483,192608db42251d675da83286b1cce702)
Start importing Assets/Scenes/Level_One.unity using Guid(2cda990e2423bbf4892e6590ba056729) Importer(2089858483,192608db42251d675da83286b1cce702) (ScriptedImporter) -> (artifact id: '5831c48b2d9d835e24c44f395275fd17') in 0.0333535 seconds
Number of updated asset objects reloaded before import = 0Number of asset objects unloaded after import = 1

========================================================================
Received Import Request.
  Time since last request: 1027.696423 seconds.
  path: Assets/Sprites/Ground.prefab
  artifactKey: Guid(b7a39d430d3186748ae630d98b597277) Importer(815301076,1909f56bfc062723c751e8b465ee728b)
Start importing Assets/Sprites/Ground.prefab using Guid(b7a39d430d3186748ae630d98b597277) Importer(815301076,1909f56bfc062723c751e8b465ee728b) (PreviewImporter) -> (artifact id: '51fe350091f6e3280ed32cc5983c70fd') in 0.251863 seconds
Number of updated asset objects reloaded before import = 0Number of asset objects unloaded after import = 265

