[Licensing::Module] Trying to connect to existing licensing client channel...
Built from '6000.2/respin/6000.2.6f2-cc51a95c03' branch; Version is '6000.2.6f2 (4a4dcaec6541) revision 4869578'; Using compiler version '194234433'; Build Type 'Release'
[Licensing::IpcConnector] Successfully connected to: "LicenseClient-Owner" at "2025-10-16T22:59:55.0172766Z"
OS: 'Windows 11  (10.0.26200) 64bit Core' Language: 'en' Physical Memory: 15611 MB
BatchMode: 1, IsHumanControllingUs: 0, StartBugReporterOnCrash: 0, Is64bit: 1
Date: 2025-10-16T22:59:55Z

COMMAND LINE ARGUMENTS:
C:\Program Files\Unity\Hub\Editor\6000.2.6f2\Editor\Unity.exe
-adb2
-batchMode
-noUpm
-name
AssetImportWorker3
-projectPath
C:/Users/Owner/Documents/GitHub/MercenaryWars-Unity
-logFile
Logs/AssetImportWorker3.log
-srvPort
65303
-licensingIpc
LicenseClient-Owner
-job-worker-count
7
-background-job-worker-count
8
-gc-helper-count
1
-name
AssetImport
Successfully changed project path to: C:/Users/Owner/Documents/GitHub/MercenaryWars-Unity
C:/Users/Owner/Documents/GitHub/MercenaryWars-Unity
[UnityMemory] Configuration Parameters - Can be set up in boot.config
    "memorysetup-allocator-temp-initial-block-size-main=262144"
    "memorysetup-allocator-temp-initial-block-size-worker=262144"
    "memorysetup-bucket-allocator-granularity=16"
    "memorysetup-bucket-allocator-bucket-count=8"
    "memorysetup-bucket-allocator-block-size=33554432"
    "memorysetup-bucket-allocator-block-count=8"
    "memorysetup-main-allocator-block-size=16777216"
    "memorysetup-thread-allocator-block-size=16777216"
    "memorysetup-gfx-main-allocator-block-size=16777216"
    "memorysetup-gfx-thread-allocator-block-size=16777216"
    "memorysetup-cache-allocator-block-size=4194304"
    "memorysetup-typetree-allocator-block-size=2097152"
    "memorysetup-profiler-bucket-allocator-granularity=16"
    "memorysetup-profiler-bucket-allocator-bucket-count=8"
    "memorysetup-profiler-bucket-allocator-block-size=33554432"
    "memorysetup-profiler-bucket-allocator-block-count=8"
    "memorysetup-profiler-allocator-block-size=16777216"
    "memorysetup-profiler-editor-allocator-block-size=1048576"
    "memorysetup-temp-allocator-size-main=16777216"
    "memorysetup-job-temp-allocator-block-size=2097152"
    "memorysetup-job-temp-allocator-block-size-background=1048576"
    "memorysetup-job-temp-allocator-reduction-small-platforms=262144"
    "memorysetup-temp-allocator-size-background-worker=32768"
    "memorysetup-temp-allocator-size-job-worker=262144"
    "memorysetup-temp-allocator-size-preload-manager=33554432"
    "memorysetup-temp-allocator-size-nav-mesh-worker=65536"
    "memorysetup-temp-allocator-size-audio-worker=65536"
    "memorysetup-temp-allocator-size-cloud-worker=32768"
    "memorysetup-temp-allocator-size-gi-baking-worker=262144"
    "memorysetup-temp-allocator-size-gi-baking-worker=262144"
    "memorysetup-temp-allocator-size-gi-baking-worker=262144"
    "memorysetup-temp-allocator-size-gi-baking-worker=262144"
    "memorysetup-temp-allocator-size-gi-baking-worker=262144"
    "memorysetup-temp-allocator-size-gfx=262144"
Player connection [32056]  Target information:

Player connection [32056]  * "[IP] 192.168.2.42 [Port] 0 [Flags] 2 [Guid] 2208584507 [EditorId] 2208584507 [Version] 1048832 [Id] WindowsEditor(7,DESKTOP-FMEKK9G) [Debug] 1 [PackageName] WindowsEditor [ProjectName] Editor" 

Player connection [32056] Host joined multi-casting on [225.0.0.222:54997]...
Player connection [32056] Host joined alternative multi-casting on [225.0.0.222:34997]...
JobSystem: Creating JobQueue using job-worker-count value 7
Input System module state changed to: Initialized.
[Physics::Module] Initialized fallback backend.
[Physics::Module] Id: 0xdecafbad
[Licensing::Client] Code 10 while verifying Licensing Client signature (process Id: 5116, path: "C:/Program Files/Unity Hub/UnityLicensingClient_V1/Unity.Licensing.Client.exe")
[Licensing::Module] LicensingClient has failed validation; ignoring
[Licensing::Client] Handshaking with LicensingClient:
  Version:                 1.17.3+a4e98f1
  Session Id:              f3e95e554dc6419b87c77dc49346dbe9
  Correlation Id:          7693c38c7a1e6f4d792b2595ce1773ae
  External correlation Id: 2625522517150246069
  Machine Id:              53KuLvy89TpBDyxw1RCDefG84Vg=
[Licensing::Module] Successfully connected to LicensingClient on channel: "LicenseClient-Owner" (connect: 0.00s, validation: 0.02s, handshake: 0.07s)
[Licensing::IpcConnector] Successfully connected to: "LicenseClient-Owner-notifications" at "2025-10-16T22:59:55.1126307Z"
[Licensing::Module] Licensing Background thread has ended after 0.10s
Library Redirect Path: Library/
[Physics::Module] Selected backend.
[Physics::Module] Name: PhysX
[Physics::Module] Id: 0xf2b8ea05
[Physics::Module] SDK Version: 4.1.2
[Physics::Module] Integration Version: 1.0.0
[Physics::Module] Threading Mode: Multi-Threaded
Refreshing native plugins compatible for Editor in 7.18 ms, found 4 plugins.
Preloading 0 native plugins for Editor in 0.00 ms.
Initialize engine version: 6000.2.6f2 (4a4dcaec6541)
[Subsystems] Discovering subsystems at path C:/Program Files/Unity/Hub/Editor/6000.2.6f2/Editor/Data/Resources/UnitySubsystems
[Subsystems] Discovering subsystems at path C:/Users/Owner/Documents/GitHub/MercenaryWars-Unity/Assets
GfxDevice: creating device client; kGfxThreadingModeNonThreaded
d3d12: failed to query info queue interface (0x80004002).
Direct3D:
    Version:         Direct3D 12 [level 12.1]
    Renderer:        AMD Radeon RX 7700S (ID=0x7480)
    Vendor:          ATI
    VRAM:            8176 MB
    App VRAM Budget: 7360 MB
    Driver:          32.0.21013.1000
Initialize mono
Mono path[0] = 'C:/Program Files/Unity/Hub/Editor/6000.2.6f2/Editor/Data/Managed'
Mono path[1] = 'C:/Program Files/Unity/Hub/Editor/6000.2.6f2/Editor/Data/MonoBleedingEdge/lib/mono/unityjit-win32'
Mono config path = 'C:/Program Files/Unity/Hub/Editor/6000.2.6f2/Editor/Data/MonoBleedingEdge/etc'
Using monoOptions --debugger-agent=transport=dt_socket,embedding=1,server=y,suspend=n,address=127.0.0.1:56692
Begin MonoManager ReloadAssembly
Registering precompiled unity dll's ...
Register platform support module: C:/Program Files/Unity/Hub/Editor/6000.2.6f2/Editor/Data/PlaybackEngines/WebGLSupport/UnityEditor.WebGL.Extensions.dll
Register platform support module: C:/Program Files/Unity/Hub/Editor/6000.2.6f2/Editor/Data/PlaybackEngines/WindowsStandaloneSupport/UnityEditor.WindowsStandalone.Extensions.dll
Registered in 0.005151 seconds.
- Loaded All Assemblies, in  0.725 seconds
Native extension for WindowsStandalone target not found
Native extension for WebGL target not found
Mono: successfully reloaded assembly
- Finished resetting the current domain, in  0.550 seconds
Domain Reload Profiling: 1269ms
	BeginReloadAssembly (217ms)
		ExecutionOrderSort (0ms)
		DisableScriptedObjects (0ms)
		BackupInstance (0ms)
		ReleaseScriptingObjects (0ms)
		CreateAndSetChildDomain (1ms)
	RebuildCommonClasses (66ms)
	RebuildNativeTypeToScriptingClass (26ms)
	initialDomainReloadingComplete (91ms)
	LoadAllAssembliesAndSetupDomain (319ms)
		LoadAssemblies (210ms)
		RebuildTransferFunctionScriptingTraits (0ms)
		AnalyzeDomain (314ms)
			TypeCache.Refresh (312ms)
				TypeCache.ScanAssembly (293ms)
			BuildScriptInfoCaches (0ms)
			ResolveRequiredComponents (1ms)
	FinalizeReload (551ms)
		ReleaseScriptCaches (0ms)
		RebuildScriptCaches (0ms)
		SetupLoadedEditorAssemblies (497ms)
			LogAssemblyErrors (0ms)
			InitializePlatformSupportModulesInManaged (86ms)
			SetLoadedEditorAssemblies (7ms)
			BeforeProcessingInitializeOnLoad (116ms)
			ProcessInitializeOnLoadAttributes (210ms)
			ProcessInitializeOnLoadMethodAttributes (78ms)
			AfterProcessingInitializeOnLoad (0ms)
			EditorAssembliesLoaded (0ms)
		ExecutionOrderSort2 (0ms)
		AwakeInstancesAfterBackupRestoration (0ms)
========================================================================
Worker process is ready to serve import requests
Import Worker Mode flag is 0x00
Begin MonoManager ReloadAssembly
[Licensing::Client] Successfully resolved entitlement details
[Licensing::Module] License group:
  Id: 3574354055920-UnityPersXXXX
  Product: Unity Personal
  Type: Assigned
  Expiration: Unlimited
- Loaded All Assemblies, in  1.214 seconds
Refreshing native plugins compatible for Editor in 4.30 ms, found 4 plugins.
Native extension for WindowsStandalone target not found
Native extension for WebGL target not found
Package Manager log level set to [2]
[Package Manager] Failed to launch server process. Reason: Unity was launched with the -noUpm command-line argument
[Package Manager] Unable to send message (not connected to server process).
[Package Manager] Cannot connect to Unity Package Manager local server
Mono: successfully reloaded assembly
- Finished resetting the current domain, in  0.858 seconds
Domain Reload Profiling: 2081ms
	BeginReloadAssembly (316ms)
		ExecutionOrderSort (0ms)
		DisableScriptedObjects (10ms)
		BackupInstance (0ms)
		ReleaseScriptingObjects (0ms)
		CreateAndSetChildDomain (44ms)
	RebuildCommonClasses (57ms)
	RebuildNativeTypeToScriptingClass (16ms)
	initialDomainReloadingComplete (71ms)
	LoadAllAssembliesAndSetupDomain (762ms)
		LoadAssemblies (619ms)
		RebuildTransferFunctionScriptingTraits (0ms)
		AnalyzeDomain (292ms)
			TypeCache.Refresh (222ms)
				TypeCache.ScanAssembly (205ms)
			BuildScriptInfoCaches (57ms)
			ResolveRequiredComponents (9ms)
	FinalizeReload (859ms)
		ReleaseScriptCaches (0ms)
		RebuildScriptCaches (0ms)
		SetupLoadedEditorAssemblies (718ms)
			LogAssemblyErrors (0ms)
			InitializePlatformSupportModulesInManaged (3ms)
			SetLoadedEditorAssemblies (5ms)
			BeforeProcessingInitializeOnLoad (215ms)
			ProcessInitializeOnLoadAttributes (432ms)
			ProcessInitializeOnLoadMethodAttributes (51ms)
			AfterProcessingInitializeOnLoad (11ms)
			EditorAssembliesLoaded (0ms)
		ExecutionOrderSort2 (0ms)
		AwakeInstancesAfterBackupRestoration (10ms)
Launched and connected shader compiler UnityShaderCompiler.exe after 0.03 seconds
Refreshing native plugins compatible for Editor in 3.22 ms, found 4 plugins.
Preloading 0 native plugins for Editor in 0.00 ms.
Unloading 0 Unused Serialized files (Serialized files now loaded: 0)
Unloading 4926 unused Assets / (1.3 MB). Loaded Objects now: 5433.
Memory consumption went from 91.8 MB to 90.5 MB.
Total: 9.038400 ms (FindLiveObjects: 0.753600 ms CreateObjectMapping: 0.553700 ms MarkObjects: 6.236400 ms  DeleteObjects: 1.493000 ms)

========================================================================
Received Import Request.
  Time since last request: 83936.295238 seconds.
  path: Assets/Sprites/world_tileset_53.asset
  artifactKey: Guid(cfa5b7419c36d4941b18325247524713) Importer(2089858483,192608db42251d675da83286b1cce702)
Start importing Assets/Sprites/world_tileset_53.asset using Guid(cfa5b7419c36d4941b18325247524713) Importer(2089858483,192608db42251d675da83286b1cce702) (ScriptedImporter) -> (artifact id: 'f7c534d9b2cf090d9565aae94fbc6479') in 0.3542647 seconds
Number of updated asset objects reloaded before import = 0Number of asset objects unloaded after import = 2

========================================================================
Received Import Request.
  Time since last request: 0.000046 seconds.
  path: Assets/Sprites/world_tileset_70.asset
  artifactKey: Guid(4d9b382c8bdab264ca46bb8f8fdab1cf) Importer(2089858483,192608db42251d675da83286b1cce702)
Start importing Assets/Sprites/world_tileset_70.asset using Guid(4d9b382c8bdab264ca46bb8f8fdab1cf) Importer(2089858483,192608db42251d675da83286b1cce702) (ScriptedImporter) -> (artifact id: '33f55bab98486c7f4f0660a22b096c43') in 0.0199358 seconds
Number of updated asset objects reloaded before import = 0Number of asset objects unloaded after import = 2

========================================================================
Received Import Request.
  Time since last request: 0.000053 seconds.
  path: Assets/Sprites/world_tileset_103.asset
  artifactKey: Guid(2792cef74e2ba91428c1710863f4b0ab) Importer(2089858483,192608db42251d675da83286b1cce702)
Start importing Assets/Sprites/world_tileset_103.asset using Guid(2792cef74e2ba91428c1710863f4b0ab) Importer(2089858483,192608db42251d675da83286b1cce702) (ScriptedImporter) -> (artifact id: 'b6e1de1e2fa6fadccb8045b36c151f1d') in 0.0186482 seconds
Number of updated asset objects reloaded before import = 0Number of asset objects unloaded after import = 2

========================================================================
Received Import Request.
  Time since last request: 0.000109 seconds.
  path: Assets/Sprites/world_tileset_104.asset
  artifactKey: Guid(8ef6d3d6567abf84cbd5105983ea482b) Importer(2089858483,192608db42251d675da83286b1cce702)
Start importing Assets/Sprites/world_tileset_104.asset using Guid(8ef6d3d6567abf84cbd5105983ea482b) Importer(2089858483,192608db42251d675da83286b1cce702) (ScriptedImporter) -> (artifact id: '8d1f014fff41340d74c0ffcf55f55d5f') in 0.0192644 seconds
Number of updated asset objects reloaded before import = 0Number of asset objects unloaded after import = 2

========================================================================
Received Import Request.
  Time since last request: 0.000038 seconds.
  path: Assets/Sprites/world_tileset_87.asset
  artifactKey: Guid(ae3b8966ecf47ed4993529b165032645) Importer(2089858483,192608db42251d675da83286b1cce702)
Start importing Assets/Sprites/world_tileset_87.asset using Guid(ae3b8966ecf47ed4993529b165032645) Importer(2089858483,192608db42251d675da83286b1cce702) (ScriptedImporter) -> (artifact id: 'efb4b751673165fbca965d7b726d1522') in 0.0142878 seconds
Number of updated asset objects reloaded before import = 0Number of asset objects unloaded after import = 2

========================================================================
Received Import Request.
  Time since last request: 0.000030 seconds.
  path: Assets/Sprites/world_tileset_123.asset
  artifactKey: Guid(81c44abb0cf39aa498c5c896b3082cc1) Importer(2089858483,192608db42251d675da83286b1cce702)
Start importing Assets/Sprites/world_tileset_123.asset using Guid(81c44abb0cf39aa498c5c896b3082cc1) Importer(2089858483,192608db42251d675da83286b1cce702) (ScriptedImporter) -> (artifact id: '15eed58e22376a056488b4c357e756f6') in 0.0120888 seconds
Number of updated asset objects reloaded before import = 0Number of asset objects unloaded after import = 2

========================================================================
Received Import Request.
  Time since last request: 0.000030 seconds.
  path: Assets/Sprites/world_tileset_55.asset
  artifactKey: Guid(0e331c1268d7c9d4884b31670b36455b) Importer(2089858483,192608db42251d675da83286b1cce702)
Start importing Assets/Sprites/world_tileset_55.asset using Guid(0e331c1268d7c9d4884b31670b36455b) Importer(2089858483,192608db42251d675da83286b1cce702) (ScriptedImporter) -> (artifact id: 'a1ec84e3fbe69d59070d9da0e31df600') in 0.0143955 seconds
Number of updated asset objects reloaded before import = 0Number of asset objects unloaded after import = 2

========================================================================
Received Import Request.
  Time since last request: 0.000030 seconds.
  path: Assets/Sprites/world_tileset_100.asset
  artifactKey: Guid(2fa3c22f7576ef247a67f5f2645d84bc) Importer(2089858483,192608db42251d675da83286b1cce702)
Start importing Assets/Sprites/world_tileset_100.asset using Guid(2fa3c22f7576ef247a67f5f2645d84bc) Importer(2089858483,192608db42251d675da83286b1cce702) (ScriptedImporter) -> (artifact id: '8e5b92364c60bf2419fa80187b6faad8') in 0.0133148 seconds
Number of updated asset objects reloaded before import = 0Number of asset objects unloaded after import = 2

========================================================================
Received Import Request.
  Time since last request: 0.000029 seconds.
  path: Assets/Sprites/world_tileset_90.asset
  artifactKey: Guid(0e4ff9f5f3033614baffa87d04765597) Importer(2089858483,192608db42251d675da83286b1cce702)
Start importing Assets/Sprites/world_tileset_90.asset using Guid(0e4ff9f5f3033614baffa87d04765597) Importer(2089858483,192608db42251d675da83286b1cce702) (ScriptedImporter) -> (artifact id: '33721716fe2d26526019900364f53842') in 0.0138843 seconds
Number of updated asset objects reloaded before import = 0Number of asset objects unloaded after import = 2

========================================================================
Received Import Request.
  Time since last request: 0.000035 seconds.
  path: Assets/Sprites/world_tileset_83.asset
  artifactKey: Guid(797b012aeb7bfdc48aad9539f5f330d3) Importer(2089858483,192608db42251d675da83286b1cce702)
Start importing Assets/Sprites/world_tileset_83.asset using Guid(797b012aeb7bfdc48aad9539f5f330d3) Importer(2089858483,192608db42251d675da83286b1cce702) (ScriptedImporter) -> (artifact id: '30769e522643ca17be1c823088c34e39') in 0.0143447 seconds
Number of updated asset objects reloaded before import = 0Number of asset objects unloaded after import = 2

========================================================================
Received Import Request.
  Time since last request: 0.000029 seconds.
  path: Assets/Sprites/world_tileset_75.asset
  artifactKey: Guid(176791fef96443042baaac936b70b45c) Importer(2089858483,192608db42251d675da83286b1cce702)
Start importing Assets/Sprites/world_tileset_75.asset using Guid(176791fef96443042baaac936b70b45c) Importer(2089858483,192608db42251d675da83286b1cce702) (ScriptedImporter) -> (artifact id: '3266d8ef07fc8999236beb955aed1481') in 0.0315354 seconds
Number of updated asset objects reloaded before import = 0Number of asset objects unloaded after import = 2

========================================================================
Received Import Request.
  Time since last request: 0.000034 seconds.
  path: Assets/Sprites/world_tileset_12.asset
  artifactKey: Guid(15a2d0ad1fa10cb4dbfc03b9c7673286) Importer(2089858483,192608db42251d675da83286b1cce702)
Start importing Assets/Sprites/world_tileset_12.asset using Guid(15a2d0ad1fa10cb4dbfc03b9c7673286) Importer(2089858483,192608db42251d675da83286b1cce702) (ScriptedImporter) -> (artifact id: '3a7d1bce3e6f867848bd537934f7310d') in 0.0151249 seconds
Number of updated asset objects reloaded before import = 0Number of asset objects unloaded after import = 2

========================================================================
Received Import Request.
  Time since last request: 0.000044 seconds.
  path: Assets/Sprites/world_tileset_67.asset
  artifactKey: Guid(9c8fdb5ce41ba6441ba67d59d0ed8aa1) Importer(2089858483,192608db42251d675da83286b1cce702)
Start importing Assets/Sprites/world_tileset_67.asset using Guid(9c8fdb5ce41ba6441ba67d59d0ed8aa1) Importer(2089858483,192608db42251d675da83286b1cce702) (ScriptedImporter) -> (artifact id: 'af0f34597507e18c944d46d28ce8fc9f') in 0.0125386 seconds
Number of updated asset objects reloaded before import = 0Number of asset objects unloaded after import = 2

========================================================================
Received Import Request.
  Time since last request: 0.000035 seconds.
  path: Assets/Sprites/world_tileset_41.asset
  artifactKey: Guid(eff255d80c6ac6e4ca6e30c9ba3f8b1e) Importer(2089858483,192608db42251d675da83286b1cce702)
Start importing Assets/Sprites/world_tileset_41.asset using Guid(eff255d80c6ac6e4ca6e30c9ba3f8b1e) Importer(2089858483,192608db42251d675da83286b1cce702) (ScriptedImporter) -> (artifact id: 'f669c396c9b6c9a4ed1ba67ecb5d3fa4') in 0.0141881 seconds
Number of updated asset objects reloaded before import = 0Number of asset objects unloaded after import = 2

========================================================================
Received Import Request.
  Time since last request: 0.000031 seconds.
  path: Assets/Sprites/world_tileset_112.asset
  artifactKey: Guid(6f851e0bf473c0946b19341e06ce1d58) Importer(2089858483,192608db42251d675da83286b1cce702)
Start importing Assets/Sprites/world_tileset_112.asset using Guid(6f851e0bf473c0946b19341e06ce1d58) Importer(2089858483,192608db42251d675da83286b1cce702) (ScriptedImporter) -> (artifact id: '3474bb998a0e2eb31d0c42783f7acfce') in 0.0124472 seconds
Number of updated asset objects reloaded before import = 0Number of asset objects unloaded after import = 2

========================================================================
Received Import Request.
  Time since last request: 0.000049 seconds.
  path: Assets/Sprites/world_tileset_36.asset
  artifactKey: Guid(a43edf20e02e0eb439d655b423fb49fa) Importer(2089858483,192608db42251d675da83286b1cce702)
Start importing Assets/Sprites/world_tileset_36.asset using Guid(a43edf20e02e0eb439d655b423fb49fa) Importer(2089858483,192608db42251d675da83286b1cce702) (ScriptedImporter) -> (artifact id: '1e1ccd888f70b2db4d62b56d5d228bdb') in 0.0177291 seconds
Number of updated asset objects reloaded before import = 0Number of asset objects unloaded after import = 2

========================================================================
Received Import Request.
  Time since last request: 0.000034 seconds.
  path: Assets/Sprites/world_tileset_77.asset
  artifactKey: Guid(1710526106f6fc64aa07854a30ea682a) Importer(2089858483,192608db42251d675da83286b1cce702)
Start importing Assets/Sprites/world_tileset_77.asset using Guid(1710526106f6fc64aa07854a30ea682a) Importer(2089858483,192608db42251d675da83286b1cce702) (ScriptedImporter) -> (artifact id: '28afa50b768525d135d07e890cdead09') in 0.0132638 seconds
Number of updated asset objects reloaded before import = 0Number of asset objects unloaded after import = 2

========================================================================
Received Import Request.
  Time since last request: 0.000054 seconds.
  path: Assets/Sprites/world_tileset_108.asset
  artifactKey: Guid(d3afdbe8204e0a94bbb8b04b45675bd2) Importer(2089858483,192608db42251d675da83286b1cce702)
Start importing Assets/Sprites/world_tileset_108.asset using Guid(d3afdbe8204e0a94bbb8b04b45675bd2) Importer(2089858483,192608db42251d675da83286b1cce702) (ScriptedImporter) -> (artifact id: 'aed70e11d4c663cff67f56d3548dec52') in 0.0131112 seconds
Number of updated asset objects reloaded before import = 0Number of asset objects unloaded after import = 2

========================================================================
Received Import Request.
  Time since last request: 0.000043 seconds.
  path: Assets/Sprites/world_tileset_107.asset
  artifactKey: Guid(aa8fb6fc03ac501449fc3ed6126ffbdf) Importer(2089858483,192608db42251d675da83286b1cce702)
Start importing Assets/Sprites/world_tileset_107.asset using Guid(aa8fb6fc03ac501449fc3ed6126ffbdf) Importer(2089858483,192608db42251d675da83286b1cce702) (ScriptedImporter) -> (artifact id: '4127487276e9245496497143d1205b68') in 0.0153386 seconds
Number of updated asset objects reloaded before import = 0Number of asset objects unloaded after import = 2

========================================================================
Received Import Request.
  Time since last request: 0.000034 seconds.
  path: Assets/Sprites/world_tileset_25.asset
  artifactKey: Guid(0b70d858cc49d4347b3260c86c6f8991) Importer(2089858483,192608db42251d675da83286b1cce702)
Start importing Assets/Sprites/world_tileset_25.asset using Guid(0b70d858cc49d4347b3260c86c6f8991) Importer(2089858483,192608db42251d675da83286b1cce702) (ScriptedImporter) -> (artifact id: '23076722437e7c94943c4f3ad3666a4b') in 0.0126634 seconds
Number of updated asset objects reloaded before import = 0Number of asset objects unloaded after import = 2

========================================================================
Received Import Request.
  Time since last request: 0.000035 seconds.
  path: Assets/Sprites/world_tileset_40.asset
  artifactKey: Guid(4627bf56646cc154f8e14bd6f367cc59) Importer(2089858483,192608db42251d675da83286b1cce702)
Start importing Assets/Sprites/world_tileset_40.asset using Guid(4627bf56646cc154f8e14bd6f367cc59) Importer(2089858483,192608db42251d675da83286b1cce702) (ScriptedImporter) -> (artifact id: '76d3d0f8c0317418004bfe75d852481e') in 0.013442 seconds
Number of updated asset objects reloaded before import = 0Number of asset objects unloaded after import = 2

========================================================================
Received Import Request.
  Time since last request: 0.000031 seconds.
  path: Assets/Sprites/world_tileset_80.asset
  artifactKey: Guid(9ee7c5c475c9dc14babe8867281add5c) Importer(2089858483,192608db42251d675da83286b1cce702)
Start importing Assets/Sprites/world_tileset_80.asset using Guid(9ee7c5c475c9dc14babe8867281add5c) Importer(2089858483,192608db42251d675da83286b1cce702) (ScriptedImporter) -> (artifact id: 'e9f12209f860dc3d0e784cd87d140720') in 0.0130515 seconds
Number of updated asset objects reloaded before import = 0Number of asset objects unloaded after import = 2

========================================================================
Received Import Request.
  Time since last request: 0.000027 seconds.
  path: Assets/Sprites/world_tileset_7.asset
  artifactKey: Guid(2cc7e39bc48122d4d8d465065cbe29fc) Importer(2089858483,192608db42251d675da83286b1cce702)
Start importing Assets/Sprites/world_tileset_7.asset using Guid(2cc7e39bc48122d4d8d465065cbe29fc) Importer(2089858483,192608db42251d675da83286b1cce702) (ScriptedImporter) -> (artifact id: '2f173c0bd5b3462a06492afa95075fd5') in 0.0150168 seconds
Number of updated asset objects reloaded before import = 0Number of asset objects unloaded after import = 2

========================================================================
Received Import Request.
  Time since last request: 0.000037 seconds.
  path: Assets/Sprites/world_tileset_105.asset
  artifactKey: Guid(8436776b9bf39364aa9f8a9faf4f62d5) Importer(2089858483,192608db42251d675da83286b1cce702)
Start importing Assets/Sprites/world_tileset_105.asset using Guid(8436776b9bf39364aa9f8a9faf4f62d5) Importer(2089858483,192608db42251d675da83286b1cce702) (ScriptedImporter) -> (artifact id: '0b7eda9763bc9831e4ba61389cdf1128') in 0.0142433 seconds
Number of updated asset objects reloaded before import = 0Number of asset objects unloaded after import = 2

========================================================================
Received Import Request.
  Time since last request: 0.000032 seconds.
  path: Assets/Sprites/world_tileset_26.asset
  artifactKey: Guid(45d25bec905a371419ff91253d18b1c6) Importer(2089858483,192608db42251d675da83286b1cce702)
Start importing Assets/Sprites/world_tileset_26.asset using Guid(45d25bec905a371419ff91253d18b1c6) Importer(2089858483,192608db42251d675da83286b1cce702) (ScriptedImporter) -> (artifact id: 'eab202cb995875c5f4d04d44822811f6') in 0.0172506 seconds
Number of updated asset objects reloaded before import = 0Number of asset objects unloaded after import = 2

========================================================================
Received Import Request.
  Time since last request: 0.000033 seconds.
  path: Assets/Sprites/world_tileset_18.asset
  artifactKey: Guid(bd794281fcee16342bf5206d483ee2bd) Importer(2089858483,192608db42251d675da83286b1cce702)
Start importing Assets/Sprites/world_tileset_18.asset using Guid(bd794281fcee16342bf5206d483ee2bd) Importer(2089858483,192608db42251d675da83286b1cce702) (ScriptedImporter) -> (artifact id: '475f27fc13ce00498537d55faf2db0c6') in 0.0121557 seconds
Number of updated asset objects reloaded before import = 0Number of asset objects unloaded after import = 2

========================================================================
Received Import Request.
  Time since last request: 0.000039 seconds.
  path: Assets/Sprites/world_tileset_27.asset
  artifactKey: Guid(ed9414fa4aadc654395267fa7076fd21) Importer(2089858483,192608db42251d675da83286b1cce702)
Start importing Assets/Sprites/world_tileset_27.asset using Guid(ed9414fa4aadc654395267fa7076fd21) Importer(2089858483,192608db42251d675da83286b1cce702) (ScriptedImporter) -> (artifact id: 'e85ea3a8d45f19c7f61b260737adc57d') in 0.0151863 seconds
Number of updated asset objects reloaded before import = 0Number of asset objects unloaded after import = 2

========================================================================
Received Import Request.
  Time since last request: 0.000034 seconds.
  path: Assets/Sprites/world_tileset_8.asset
  artifactKey: Guid(c78cbade3e167734a8c753430acc55a2) Importer(2089858483,192608db42251d675da83286b1cce702)
Start importing Assets/Sprites/world_tileset_8.asset using Guid(c78cbade3e167734a8c753430acc55a2) Importer(2089858483,192608db42251d675da83286b1cce702) (ScriptedImporter) -> (artifact id: '3e0a4780eb9b00a27e9ce7aec2969841') in 0.0135513 seconds
Number of updated asset objects reloaded before import = 0Number of asset objects unloaded after import = 2

========================================================================
Received Import Request.
  Time since last request: 0.000022 seconds.
  path: Assets/Sprites/world_tileset_28.asset
  artifactKey: Guid(bf2453c23eca8d9498c5521bf3fc6319) Importer(2089858483,192608db42251d675da83286b1cce702)
Start importing Assets/Sprites/world_tileset_28.asset using Guid(bf2453c23eca8d9498c5521bf3fc6319) Importer(2089858483,192608db42251d675da83286b1cce702) (ScriptedImporter) -> (artifact id: 'af4209ece9bcde94a5474985abe902f0') in 0.0169047 seconds
Number of updated asset objects reloaded before import = 0Number of asset objects unloaded after import = 2

========================================================================
Received Import Request.
  Time since last request: 0.000033 seconds.
  path: Assets/Sprites/world_tileset_5.asset
  artifactKey: Guid(edcc7c4e05e00574684cbf95c170a5a8) Importer(2089858483,192608db42251d675da83286b1cce702)
Start importing Assets/Sprites/world_tileset_5.asset using Guid(edcc7c4e05e00574684cbf95c170a5a8) Importer(2089858483,192608db42251d675da83286b1cce702) (ScriptedImporter) -> (artifact id: 'ac383af2531bcbe51a342ebc58c97f52') in 0.0158391 seconds
Number of updated asset objects reloaded before import = 0Number of asset objects unloaded after import = 2

========================================================================
Received Import Request.
  Time since last request: 0.000053 seconds.
  path: Assets/Sprites/world_tileset_24.asset
  artifactKey: Guid(53d613d251543e343aac5127b87b5168) Importer(2089858483,192608db42251d675da83286b1cce702)
Start importing Assets/Sprites/world_tileset_24.asset using Guid(53d613d251543e343aac5127b87b5168) Importer(2089858483,192608db42251d675da83286b1cce702) (ScriptedImporter) -> (artifact id: 'fec8c863ba2efa4d43a604d48cc3bc84') in 0.0147076 seconds
Number of updated asset objects reloaded before import = 0Number of asset objects unloaded after import = 2

========================================================================
Received Import Request.
  Time since last request: 0.000028 seconds.
  path: Assets/Sprites/world_tileset_63.asset
  artifactKey: Guid(0f6322ba2e8f0d844a8a74cfab65cfe6) Importer(2089858483,192608db42251d675da83286b1cce702)
Start importing Assets/Sprites/world_tileset_63.asset using Guid(0f6322ba2e8f0d844a8a74cfab65cfe6) Importer(2089858483,192608db42251d675da83286b1cce702) (ScriptedImporter) -> (artifact id: '42cde1e76e17e9592ed0c5e96590584f') in 0.015442 seconds
Number of updated asset objects reloaded before import = 0Number of asset objects unloaded after import = 2

========================================================================
Received Import Request.
  Time since last request: 0.000034 seconds.
  path: Assets/Sprites/world_tileset_115.asset
  artifactKey: Guid(b722219911885bb4baa179cec016cfa2) Importer(2089858483,192608db42251d675da83286b1cce702)
Start importing Assets/Sprites/world_tileset_115.asset using Guid(b722219911885bb4baa179cec016cfa2) Importer(2089858483,192608db42251d675da83286b1cce702) (ScriptedImporter) -> (artifact id: '65c28a757a467cc4c6c8b3568ad21270') in 0.0310264 seconds
Number of updated asset objects reloaded before import = 0Number of asset objects unloaded after import = 2

========================================================================
Received Import Request.
  Time since last request: 0.000030 seconds.
  path: Assets/Sprites/world_tileset_78.asset
  artifactKey: Guid(0a6bf634643039c4d8bb5af65e43c315) Importer(2089858483,192608db42251d675da83286b1cce702)
Start importing Assets/Sprites/world_tileset_78.asset using Guid(0a6bf634643039c4d8bb5af65e43c315) Importer(2089858483,192608db42251d675da83286b1cce702) (ScriptedImporter) -> (artifact id: 'dae5894e6fbf0d62f8103f7e8de6fee0') in 0.0127797 seconds
Number of updated asset objects reloaded before import = 0Number of asset objects unloaded after import = 2

========================================================================
Received Import Request.
  Time since last request: 0.000034 seconds.
  path: Assets/Sprites/world_tileset_34.asset
  artifactKey: Guid(392877a5b4c898b4d946378e3976b719) Importer(2089858483,192608db42251d675da83286b1cce702)
Start importing Assets/Sprites/world_tileset_34.asset using Guid(392877a5b4c898b4d946378e3976b719) Importer(2089858483,192608db42251d675da83286b1cce702) (ScriptedImporter) -> (artifact id: 'dd4577bd9ac02ab04912e50067fd0276') in 0.016714 seconds
Number of updated asset objects reloaded before import = 0Number of asset objects unloaded after import = 2

========================================================================
Received Import Request.
  Time since last request: 0.000027 seconds.
  path: Assets/Sprites/world_tileset_73.asset
  artifactKey: Guid(6a1aaa440b273d2478cf5822f55e3017) Importer(2089858483,192608db42251d675da83286b1cce702)
Start importing Assets/Sprites/world_tileset_73.asset using Guid(6a1aaa440b273d2478cf5822f55e3017) Importer(2089858483,192608db42251d675da83286b1cce702) (ScriptedImporter) -> (artifact id: 'b27c5e578b51d8e4c2883bad83111815') in 0.012099 seconds
Number of updated asset objects reloaded before import = 0Number of asset objects unloaded after import = 2

========================================================================
Received Import Request.
  Time since last request: 0.000028 seconds.
  path: Assets/Sprites/world_tileset_1.asset
  artifactKey: Guid(3128ede7a2d5d4443931515c8f2e0541) Importer(2089858483,192608db42251d675da83286b1cce702)
Start importing Assets/Sprites/world_tileset_1.asset using Guid(3128ede7a2d5d4443931515c8f2e0541) Importer(2089858483,192608db42251d675da83286b1cce702) (ScriptedImporter) -> (artifact id: '36e89707a5a8fc9ad6904173549ad698') in 0.0139536 seconds
Number of updated asset objects reloaded before import = 0Number of asset objects unloaded after import = 2

========================================================================
Received Import Request.
  Time since last request: 0.000035 seconds.
  path: Assets/Sprites/world_tileset_66.asset
  artifactKey: Guid(22c73ae77a59c11458d07819f00eaed7) Importer(2089858483,192608db42251d675da83286b1cce702)
Start importing Assets/Sprites/world_tileset_66.asset using Guid(22c73ae77a59c11458d07819f00eaed7) Importer(2089858483,192608db42251d675da83286b1cce702) (ScriptedImporter) -> (artifact id: 'b6f3b011c756973c5bc5b59e4b868daf') in 0.0165325 seconds
Number of updated asset objects reloaded before import = 0Number of asset objects unloaded after import = 2

========================================================================
Received Import Request.
  Time since last request: 0.000040 seconds.
  path: Assets/Sprites/world_tileset_48.asset
  artifactKey: Guid(461f59fc47c22644bbb7474ffcde1186) Importer(2089858483,192608db42251d675da83286b1cce702)
Start importing Assets/Sprites/world_tileset_48.asset using Guid(461f59fc47c22644bbb7474ffcde1186) Importer(2089858483,192608db42251d675da83286b1cce702) (ScriptedImporter) -> (artifact id: '78611a69a3bdd6fe212cd2e71bf87252') in 0.0169629 seconds
Number of updated asset objects reloaded before import = 0Number of asset objects unloaded after import = 2

========================================================================
Received Import Request.
  Time since last request: 0.000022 seconds.
  path: Assets/Sprites/world_tileset_0.asset
  artifactKey: Guid(6a4cefca10a217045b6fd558cccf7315) Importer(2089858483,192608db42251d675da83286b1cce702)
Start importing Assets/Sprites/world_tileset_0.asset using Guid(6a4cefca10a217045b6fd558cccf7315) Importer(2089858483,192608db42251d675da83286b1cce702) (ScriptedImporter) -> (artifact id: 'bbc46205e7fe7dc1f4a5c67bc3d0c59d') in 0.0156253 seconds
Number of updated asset objects reloaded before import = 0Number of asset objects unloaded after import = 2

========================================================================
Received Import Request.
  Time since last request: 0.000024 seconds.
  path: Assets/Sprites/world_tileset_20.asset
  artifactKey: Guid(27df5a5e52a966546a158291d6fd2cfe) Importer(2089858483,192608db42251d675da83286b1cce702)
Start importing Assets/Sprites/world_tileset_20.asset using Guid(27df5a5e52a966546a158291d6fd2cfe) Importer(2089858483,192608db42251d675da83286b1cce702) (ScriptedImporter) -> (artifact id: 'e09e997e78a135724c3905947505d02c') in 0.0179873 seconds
Number of updated asset objects reloaded before import = 0Number of asset objects unloaded after import = 2

========================================================================
Received Import Request.
  Time since last request: 0.000021 seconds.
  path: Assets/Sprites/world_tileset_38.asset
  artifactKey: Guid(aee84fcf554aea74ab4de72717c9c275) Importer(2089858483,192608db42251d675da83286b1cce702)
Start importing Assets/Sprites/world_tileset_38.asset using Guid(aee84fcf554aea74ab4de72717c9c275) Importer(2089858483,192608db42251d675da83286b1cce702) (ScriptedImporter) -> (artifact id: '0d7794a1e0c643c1f088a45f8ba7970b') in 0.0174606 seconds
Number of updated asset objects reloaded before import = 0Number of asset objects unloaded after import = 2

========================================================================
Received Import Request.
  Time since last request: 0.000039 seconds.
  path: Assets/Sprites/world_tileset_93.asset
  artifactKey: Guid(2199d6ab7d76c0d46b4b4cb37a6f3a5c) Importer(2089858483,192608db42251d675da83286b1cce702)
Start importing Assets/Sprites/world_tileset_93.asset using Guid(2199d6ab7d76c0d46b4b4cb37a6f3a5c) Importer(2089858483,192608db42251d675da83286b1cce702) (ScriptedImporter) -> (artifact id: '232f6f6a7a593d1ca7a3d4d93e87c50e') in 0.0124229 seconds
Number of updated asset objects reloaded before import = 0Number of asset objects unloaded after import = 2

========================================================================
Received Import Request.
  Time since last request: 0.000039 seconds.
  path: Assets/Sprites/world_tileset_9.asset
  artifactKey: Guid(7ba4ab58dddf64f4abad2732271f9ec4) Importer(2089858483,192608db42251d675da83286b1cce702)
Start importing Assets/Sprites/world_tileset_9.asset using Guid(7ba4ab58dddf64f4abad2732271f9ec4) Importer(2089858483,192608db42251d675da83286b1cce702) (ScriptedImporter) -> (artifact id: 'a43ee4b0fc63c4ab67afd7a68e6373a5') in 0.0158199 seconds
Number of updated asset objects reloaded before import = 0Number of asset objects unloaded after import = 2

========================================================================
Received Import Request.
  Time since last request: 0.000027 seconds.
  path: Assets/Sprites/world_tileset_2.asset
  artifactKey: Guid(e9b5adf83ca6ad549b805e1e0d07d1b6) Importer(2089858483,192608db42251d675da83286b1cce702)
Start importing Assets/Sprites/world_tileset_2.asset using Guid(e9b5adf83ca6ad549b805e1e0d07d1b6) Importer(2089858483,192608db42251d675da83286b1cce702) (ScriptedImporter) -> (artifact id: 'c6260551b7a83fe88a410903af593648') in 0.0151612 seconds
Number of updated asset objects reloaded before import = 0Number of asset objects unloaded after import = 2

========================================================================
Received Import Request.
  Time since last request: 0.000025 seconds.
  path: Assets/Sprites/world_tileset_116.asset
  artifactKey: Guid(dde459b1ecea1b644a3ec79d4df00269) Importer(2089858483,192608db42251d675da83286b1cce702)
Start importing Assets/Sprites/world_tileset_116.asset using Guid(dde459b1ecea1b644a3ec79d4df00269) Importer(2089858483,192608db42251d675da83286b1cce702) (ScriptedImporter) -> (artifact id: 'c81a93b250e4c7d5c0996fe15b48da6c') in 0.0129349 seconds
Number of updated asset objects reloaded before import = 0Number of asset objects unloaded after import = 2

========================================================================
Received Import Request.
  Time since last request: 0.000038 seconds.
  path: Assets/Sprites/world_tileset_52.asset
  artifactKey: Guid(c268f27c7948fc141b94874692a6b8b4) Importer(2089858483,192608db42251d675da83286b1cce702)
Start importing Assets/Sprites/world_tileset_52.asset using Guid(c268f27c7948fc141b94874692a6b8b4) Importer(2089858483,192608db42251d675da83286b1cce702) (ScriptedImporter) -> (artifact id: '9a5c0cdc7bfa65ed7ba9cacf5e3f4b5f') in 0.0129818 seconds
Number of updated asset objects reloaded before import = 0Number of asset objects unloaded after import = 2

========================================================================
Received Import Request.
  Time since last request: 0.000028 seconds.
  path: Assets/Sprites/world_tileset_111.asset
  artifactKey: Guid(ee4dbdfd5d571124b9ae1cc2fa6c260a) Importer(2089858483,192608db42251d675da83286b1cce702)
Start importing Assets/Sprites/world_tileset_111.asset using Guid(ee4dbdfd5d571124b9ae1cc2fa6c260a) Importer(2089858483,192608db42251d675da83286b1cce702) (ScriptedImporter) -> (artifact id: 'cc647c084ba641b4038b5e433dbe795a') in 0.0144776 seconds
Number of updated asset objects reloaded before import = 0Number of asset objects unloaded after import = 2

========================================================================
Received Import Request.
  Time since last request: 0.000031 seconds.
  path: Assets/Sprites/world_tileset_106.asset
  artifactKey: Guid(1299830739d4bfb4c8b8761c3a40d5cc) Importer(2089858483,192608db42251d675da83286b1cce702)
Start importing Assets/Sprites/world_tileset_106.asset using Guid(1299830739d4bfb4c8b8761c3a40d5cc) Importer(2089858483,192608db42251d675da83286b1cce702) (ScriptedImporter) -> (artifact id: '897b90cdfedbd3a95bac1fb5b8649d9e') in 0.0125973 seconds
Number of updated asset objects reloaded before import = 0Number of asset objects unloaded after import = 2

========================================================================
Received Import Request.
  Time since last request: 0.000039 seconds.
  path: Assets/Sprites/world_tileset_56.asset
  artifactKey: Guid(a8d7cd7ce16804045a755f3a985d6c31) Importer(2089858483,192608db42251d675da83286b1cce702)
Start importing Assets/Sprites/world_tileset_56.asset using Guid(a8d7cd7ce16804045a755f3a985d6c31) Importer(2089858483,192608db42251d675da83286b1cce702) (ScriptedImporter) -> (artifact id: '6d9d8309db1545841207a9fe60b5b647') in 0.0132889 seconds
Number of updated asset objects reloaded before import = 0Number of asset objects unloaded after import = 2

========================================================================
Received Import Request.
  Time since last request: 0.000027 seconds.
  path: Assets/Sprites/world_tileset_39.asset
  artifactKey: Guid(f343279b549014b4fac4f5b8c7fc4857) Importer(2089858483,192608db42251d675da83286b1cce702)
Start importing Assets/Sprites/world_tileset_39.asset using Guid(f343279b549014b4fac4f5b8c7fc4857) Importer(2089858483,192608db42251d675da83286b1cce702) (ScriptedImporter) -> (artifact id: '313ce4df21c37fb4eda7bf2d0a9c14b8') in 0.0123754 seconds
Number of updated asset objects reloaded before import = 0Number of asset objects unloaded after import = 2

========================================================================
Received Import Request.
  Time since last request: 0.000028 seconds.
  path: Assets/Sprites/world_tileset_81.asset
  artifactKey: Guid(b181e5c1365ceb84f8ebb56469b9efca) Importer(2089858483,192608db42251d675da83286b1cce702)
Start importing Assets/Sprites/world_tileset_81.asset using Guid(b181e5c1365ceb84f8ebb56469b9efca) Importer(2089858483,192608db42251d675da83286b1cce702) (ScriptedImporter) -> (artifact id: '96990f124a93725662e509f488188b6c') in 0.0137014 seconds
Number of updated asset objects reloaded before import = 0Number of asset objects unloaded after import = 2

========================================================================
Received Import Request.
  Time since last request: 0.000029 seconds.
  path: Assets/Sprites/world_tileset_85.asset
  artifactKey: Guid(fb81d631a2e903d41b8cc0ad5f524133) Importer(2089858483,192608db42251d675da83286b1cce702)
Start importing Assets/Sprites/world_tileset_85.asset using Guid(fb81d631a2e903d41b8cc0ad5f524133) Importer(2089858483,192608db42251d675da83286b1cce702) (ScriptedImporter) -> (artifact id: 'fea60a4aae4fb19e7adf834ed7bfe594') in 0.0125049 seconds
Number of updated asset objects reloaded before import = 0Number of asset objects unloaded after import = 2

========================================================================
Received Import Request.
  Time since last request: 0.000031 seconds.
  path: Assets/Sprites/world_tileset_33.asset
  artifactKey: Guid(de9aed8b3d3a25e4f81e58ba121d008c) Importer(2089858483,192608db42251d675da83286b1cce702)
Start importing Assets/Sprites/world_tileset_33.asset using Guid(de9aed8b3d3a25e4f81e58ba121d008c) Importer(2089858483,192608db42251d675da83286b1cce702) (ScriptedImporter) -> (artifact id: '245b99983a74263ab925d3aa74c2a225') in 0.012367 seconds
Number of updated asset objects reloaded before import = 0Number of asset objects unloaded after import = 2

========================================================================
Received Import Request.
  Time since last request: 0.000022 seconds.
  path: Assets/Sprites/world_tileset_60.asset
  artifactKey: Guid(22085650b1fc8ab45ac70adfbf70a327) Importer(2089858483,192608db42251d675da83286b1cce702)
Start importing Assets/Sprites/world_tileset_60.asset using Guid(22085650b1fc8ab45ac70adfbf70a327) Importer(2089858483,192608db42251d675da83286b1cce702) (ScriptedImporter) -> (artifact id: '22ae7ae751a4f8b0d85fa0dc98468827') in 0.016497 seconds
Number of updated asset objects reloaded before import = 0Number of asset objects unloaded after import = 2

========================================================================
Received Import Request.
  Time since last request: 0.000023 seconds.
  path: Assets/Sprites/world_tileset_62.asset
  artifactKey: Guid(e9e2202de1f91224cb05d12881de9fcd) Importer(2089858483,192608db42251d675da83286b1cce702)
Start importing Assets/Sprites/world_tileset_62.asset using Guid(e9e2202de1f91224cb05d12881de9fcd) Importer(2089858483,192608db42251d675da83286b1cce702) (ScriptedImporter) -> (artifact id: '3f0401604c1453a56f677b8a9a11fea6') in 0.0182933 seconds
Number of updated asset objects reloaded before import = 0Number of asset objects unloaded after import = 2

========================================================================
Received Import Request.
  Time since last request: 0.000025 seconds.
  path: Assets/Sprites/Ground.prefab
  artifactKey: Guid(b7a39d430d3186748ae630d98b597277) Importer(2089858483,192608db42251d675da83286b1cce702)
Start importing Assets/Sprites/Ground.prefab using Guid(b7a39d430d3186748ae630d98b597277) Importer(2089858483,192608db42251d675da83286b1cce702) (ScriptedImporter) -> (artifact id: 'fd48ae509ac0d98cae95735aff95c3fe') in 0.0715246 seconds
Number of updated asset objects reloaded before import = 0Number of asset objects unloaded after import = 10

Editor requested this worker to shutdown with reason: Scaling down because of idle timeout
AssetImportWorker is now disconnected from the server
Process exiting
Exiting without the bug reporter. Application will terminate with return code 0